{"/Users/adnan/Desktop/plugin-material-ui/src/index.ts": {"path":"/Users/adnan/Desktop/plugin-material-ui/src/index.ts","statementMap":{"0":{"start":{"line":1,"column":0},"end":{"line":1,"column":null}},"1":{"start":{"line":2,"column":0},"end":{"line":2,"column":null}},"2":{"start":{"line":3,"column":0},"end":{"line":3,"column":null}},"3":{"start":{"line":4,"column":0},"end":{"line":4,"column":null}},"4":{"start":{"line":5,"column":0},"end":{"line":5,"column":null}},"5":{"start":{"line":6,"column":0},"end":{"line":6,"column":null}},"6":{"start":{"line":7,"column":0},"end":{"line":7,"column":null}},"7":{"start":{"line":8,"column":0},"end":{"line":8,"column":null}},"8":{"start":{"line":9,"column":0},"end":{"line":9,"column":null}},"9":{"start":{"line":10,"column":0},"end":{"line":10,"column":null}},"10":{"start":{"line":11,"column":0},"end":{"line":11,"column":null}},"11":{"start":{"line":12,"column":0},"end":{"line":12,"column":null}},"12":{"start":{"line":13,"column":0},"end":{"line":13,"column":null}},"13":{"start":{"line":14,"column":0},"end":{"line":14,"column":null}},"14":{"start":{"line":15,"column":0},"end":{"line":15,"column":null}},"15":{"start":{"line":16,"column":0},"end":{"line":16,"column":null}},"16":{"start":{"line":17,"column":0},"end":{"line":17,"column":null}},"17":{"start":{"line":18,"column":0},"end":{"line":18,"column":null}},"18":{"start":{"line":19,"column":0},"end":{"line":19,"column":null}},"19":{"start":{"line":20,"column":0},"end":{"line":20,"column":null}},"20":{"start":{"line":21,"column":0},"end":{"line":21,"column":null}},"21":{"start":{"line":22,"column":0},"end":{"line":22,"column":null}},"22":{"start":{"line":23,"column":0},"end":{"line":23,"column":null}},"23":{"start":{"line":25,"column":0},"end":{"line":25,"column":15}},"24":{"start":{"line":59,"column":3},"end":{"line":59,"column":5}},"25":{"start":{"line":60,"column":3},"end":{"line":60,"column":10}}},"fnMap":{"0":{"name":"bluebaseBootEnd","decl":{"start":{"line":58,"column":23},"end":{"line":58,"column":24}},"loc":{"start":{"line":58,"column":77},"end":{"line":61,"column":null}}}},"branchMap":{},"s":{"0":1,"1":1,"2":1,"3":1,"4":1,"5":1,"6":1,"7":1,"8":1,"9":1,"10":1,"11":1,"12":1,"13":1,"14":1,"15":1,"16":1,"17":1,"18":1,"19":1,"20":1,"21":1,"22":1,"23":1,"24":4,"25":4},"f":{"0":4},"b":{}}
,"/Users/adnan/Desktop/plugin-material-ui/src/withPropsStyles.tsx": {"path":"/Users/adnan/Desktop/plugin-material-ui/src/withPropsStyles.tsx","statementMap":{"0":{"start":{"line":1,"column":0},"end":{"line":1,"column":null}},"1":{"start":{"line":2,"column":0},"end":{"line":2,"column":null}},"2":{"start":{"line":4,"column":38},"end":{"line":4,"column":null}},"3":{"start":{"line":7,"column":13},"end":{"line":7,"column":31}},"4":{"start":{"line":9,"column":33},"end":{"line":19,"column":null}},"5":{"start":{"line":11,"column":2},"end":{"line":11,"column":9}},"6":{"start":{"line":13,"column":17},"end":{"line":13,"column":18}},"7":{"start":{"line":15,"column":15},"end":{"line":15,"column":26}},"8":{"start":{"line":17,"column":3},"end":{"line":17,"column":10}},"9":{"start":{"line":21,"column":1},"end":{"line":21,"column":8}}},"fnMap":{"0":{"name":"(anonymous_0)","decl":{"start":{"line":7,"column":31},"end":{"line":7,"column":33}},"loc":{"start":{"line":7,"column":48},"end":{"line":22,"column":null}}},"1":{"name":"withPropsStylesInternal","decl":{"start":{"line":9,"column":7},"end":{"line":9,"column":30}},"loc":{"start":{"line":9,"column":75},"end":{"line":19,"column":null}}},"2":{"name":"(anonymous_2)","decl":{"start":{"line":11,"column":21},"end":{"line":11,"column":22}},"loc":{"start":{"line":11,"column":36},"end":{"line":18,"column":null}}},"3":{"name":"proxy","decl":{"start":{"line":13,"column":9},"end":{"line":13,"column":14}},"loc":{"start":{"line":13,"column":17},"end":{"line":13,"column":18}}}},"branchMap":{},"s":{"0":1,"1":1,"2":1,"3":1,"4":4,"5":4,"6":0,"7":0,"8":0,"9":4},"f":{"0":4,"1":4,"2":0,"3":0},"b":{}}
,"/Users/adnan/Desktop/plugin-material-ui/src/withTheme.tsx": {"path":"/Users/adnan/Desktop/plugin-material-ui/src/withTheme.tsx","statementMap":{"0":{"start":{"line":1,"column":0},"end":{"line":1,"column":null}},"1":{"start":{"line":2,"column":0},"end":{"line":2,"column":null}},"2":{"start":{"line":3,"column":0},"end":{"line":3,"column":null}},"3":{"start":{"line":5,"column":13},"end":{"line":5,"column":25}},"4":{"start":{"line":7,"column":1},"end":{"line":7,"column":47}},"5":{"start":{"line":10,"column":8},"end":{"line":10,"column":null}},"6":{"start":{"line":12,"column":39},"end":{"line":10,"column":7}},"7":{"start":{"line":14,"column":3},"end":{"line":14,"column":null}},"8":{"start":{"line":16,"column":17},"end":{"line":16,"column":16}},"9":{"start":{"line":18,"column":22},"end":{"line":18,"column":37}},"10":{"start":{"line":34,"column":5},"end":{"line":34,"column":null}}},"fnMap":{"0":{"name":"(anonymous_0)","decl":{"start":{"line":5,"column":25},"end":{"line":5,"column":26}},"loc":{"start":{"line":5,"column":65},"end":{"line":44,"column":null}}},"1":{"name":"(anonymous_1)","decl":{"start":{"line":7,"column":1},"end":{"line":7,"column":47}},"loc":{"start":{"line":7,"column":1},"end":{"line":7,"column":47}}},"2":{"name":"(anonymous_4)","decl":{"start":{"line":16,"column":5},"end":{"line":16,"column":8}},"loc":{"start":{"line":16,"column":17},"end":{"line":39,"column":null}}}},"branchMap":{"0":{"loc":{"start":{"line":19,"column":23},"end":{"line":19,"column":31}},"type":"cond-expr","locations":[{"start":{"line":19,"column":23},"end":{"line":19,"column":31}},{"start":{"line":19,"column":31},"end":{"line":19,"column":null}}]}},"s":{"0":1,"1":1,"2":1,"3":1,"4":24,"5":4,"6":4,"7":4,"8":4,"9":4,"10":4},"f":{"0":4,"1":12,"2":4},"b":{"0":[0,4]}}
,"/Users/adnan/Desktop/plugin-material-ui/src/components/Avatar/Avatar.tsx": {"path":"/Users/adnan/Desktop/plugin-material-ui/src/components/Avatar/Avatar.tsx","statementMap":{"0":{"start":{"line":2,"column":0},"end":{"line":2,"column":null}},"1":{"start":{"line":4,"column":0},"end":{"line":4,"column":null}},"2":{"start":{"line":5,"column":0},"end":{"line":5,"column":null}},"3":{"start":{"line":7,"column":13},"end":{"line":7,"column":22}},"4":{"start":{"line":9,"column":57},"end":{"line":9,"column":15}},"5":{"start":{"line":9,"column":57},"end":{"line":9,"column":21}},"6":{"start":{"line":9,"column":57},"end":{"line":9,"column":28}},"7":{"start":{"line":9,"column":57},"end":{"line":9,"column":34}},"8":{"start":{"line":9,"column":57},"end":{"line":9,"column":41}},"9":{"start":{"line":9,"column":57},"end":{"line":9,"column":47}},"10":{"start":{"line":9,"column":57},"end":{"line":7,"column":44}},"11":{"start":{"line":10,"column":1},"end":{"line":16,"column":null}},"12":{"start":{"line":11,"column":2},"end":{"line":11,"column":null}},"13":{"start":{"line":17,"column":1},"end":{"line":25,"column":null}},"14":{"start":{"line":18,"column":21},"end":{"line":18,"column":null}},"15":{"start":{"line":19,"column":22},"end":{"line":19,"column":null}},"16":{"start":{"line":20,"column":2},"end":{"line":20,"column":null}},"17":{"start":{"line":27,"column":1},"end":{"line":27,"column":null}},"18":{"start":{"line":35,"column":0},"end":{"line":35,"column":7}}},"fnMap":{"0":{"name":"(anonymous_0)","decl":{"start":{"line":7,"column":22},"end":{"line":7,"column":23}},"loc":{"start":{"line":7,"column":45},"end":{"line":33,"column":null}}}},"branchMap":{"0":{"loc":{"start":{"line":10,"column":1},"end":{"line":16,"column":null}},"type":"if","locations":[{"start":{"line":10,"column":1},"end":{"line":16,"column":null}},{"start":{"line":10,"column":1},"end":{"line":16,"column":null}}]},"1":{"loc":{"start":{"line":17,"column":1},"end":{"line":25,"column":null}},"type":"if","locations":[{"start":{"line":17,"column":1},"end":{"line":25,"column":null}},{"start":{"line":17,"column":1},"end":{"line":25,"column":null}}]},"2":{"loc":{"start":{"line":19,"column":43},"end":{"line":19,"column":45}},"type":"cond-expr","locations":[{"start":{"line":19,"column":43},"end":{"line":19,"column":45}},{"start":{"line":19,"column":64},"end":{"line":19,"column":null}}]},"3":{"loc":{"start":{"line":19,"column":22},"end":{"line":19,"column":27}},"type":"binary-expr","locations":[{"start":{"line":19,"column":22},"end":{"line":19,"column":27}},{"start":{"line":19,"column":31},"end":{"line":19,"column":43}}]}},"s":{"0":1,"1":1,"2":1,"3":1,"4":4,"5":4,"6":4,"7":4,"8":4,"9":4,"10":4,"11":4,"12":1,"13":3,"14":2,"15":2,"16":2,"17":1,"18":1},"f":{"0":4},"b":{"0":[1,3],"1":[2,1],"2":[1,1],"3":[2,2]}}
,"/Users/adnan/Desktop/plugin-material-ui/src/components/Avatar/index.ts": {"path":"/Users/adnan/Desktop/plugin-material-ui/src/components/Avatar/index.ts","statementMap":{"0":{"start":{"line":1,"column":0},"end":{"line":1,"column":null}}},"fnMap":{},"branchMap":{},"s":{"0":1},"f":{},"b":{}}
,"/Users/adnan/Desktop/plugin-material-ui/src/components/BottomNavigation/BottomNavigation.tsx": {"path":"/Users/adnan/Desktop/plugin-material-ui/src/components/BottomNavigation/BottomNavigation.tsx","statementMap":{"0":{"start":{"line":1,"column":0},"end":{"line":1,"column":7}},"1":{"start":{"line":4,"column":1},"end":{"line":4,"column":null}}},"fnMap":{},"branchMap":{},"s":{"0":1,"1":1},"f":{},"b":{}}
,"/Users/adnan/Desktop/plugin-material-ui/src/components/BottomNavigation/index.ts": {"path":"/Users/adnan/Desktop/plugin-material-ui/src/components/BottomNavigation/index.ts","statementMap":{"0":{"start":{"line":1,"column":0},"end":{"line":1,"column":null}}},"fnMap":{},"branchMap":{},"s":{"0":1},"f":{},"b":{}}
,"/Users/adnan/Desktop/plugin-material-ui/src/components/BottomNavigationAction/BottomNavigationAction.tsx": {"path":"/Users/adnan/Desktop/plugin-material-ui/src/components/BottomNavigationAction/BottomNavigationAction.tsx","statementMap":{"0":{"start":{"line":1,"column":0},"end":{"line":1,"column":null}},"1":{"start":{"line":2,"column":0},"end":{"line":2,"column":null}},"2":{"start":{"line":3,"column":0},"end":{"line":3,"column":null}},"3":{"start":{"line":4,"column":0},"end":{"line":4,"column":null}},"4":{"start":{"line":6,"column":13},"end":{"line":6,"column":38}},"5":{"start":{"line":7,"column":7},"end":{"line":7,"column":21}},"6":{"start":{"line":7,"column":7},"end":{"line":7,"column":10}}},"fnMap":{"0":{"name":"icon","decl":{"start":{"line":7,"column":7},"end":{"line":7,"column":10}},"loc":{"start":{"line":7,"column":7},"end":{"line":7,"column":10}}}},"branchMap":{"0":{"loc":{"start":{"line":7,"column":28},"end":{"line":7,"column":34}},"type":"cond-expr","locations":[{"start":{"line":7,"column":28},"end":{"line":7,"column":34}},{"start":{"line":7,"column":69},"end":{"line":7,"column":null}}]}},"s":{"0":1,"1":1,"2":1,"3":1,"4":1,"5":0,"6":0},"f":{"0":0},"b":{"0":[0,0]}}
,"/Users/adnan/Desktop/plugin-material-ui/src/components/BottomNavigationAction/index.ts": {"path":"/Users/adnan/Desktop/plugin-material-ui/src/components/BottomNavigationAction/index.ts","statementMap":{"0":{"start":{"line":1,"column":0},"end":{"line":1,"column":null}}},"fnMap":{},"branchMap":{},"s":{"0":1},"f":{},"b":{}}
,"/Users/adnan/Desktop/plugin-material-ui/src/components/Button/Button.tsx": {"path":"/Users/adnan/Desktop/plugin-material-ui/src/components/Button/Button.tsx","statementMap":{"0":{"start":{"line":1,"column":0},"end":{"line":1,"column":null}},"1":{"start":{"line":2,"column":0},"end":{"line":2,"column":null}},"2":{"start":{"line":3,"column":0},"end":{"line":3,"column":null}},"3":{"start":{"line":5,"column":13},"end":{"line":5,"column":22}},"4":{"start":{"line":6,"column":11},"end":{"line":6,"column":21}},"5":{"start":{"line":6,"column":11},"end":{"line":6,"column":49}},"6":{"start":{"line":6,"column":11},"end":{"line":6,"column":14}},"7":{"start":{"line":10,"column":0},"end":{"line":10,"column":7}}},"fnMap":{"0":{"name":"children","decl":{"start":{"line":6,"column":11},"end":{"line":6,"column":14}},"loc":{"start":{"line":6,"column":11},"end":{"line":6,"column":14}}}},"branchMap":{"0":{"loc":{"start":{"line":6,"column":60},"end":{"line":6,"column":71}},"type":"cond-expr","locations":[{"start":{"line":6,"column":60},"end":{"line":6,"column":71}},{"start":{"line":6,"column":71},"end":{"line":6,"column":null}}]}},"s":{"0":1,"1":1,"2":1,"3":1,"4":0,"5":0,"6":0,"7":1},"f":{"0":0},"b":{"0":[0,0]}}
,"/Users/adnan/Desktop/plugin-material-ui/src/components/Button/index.ts": {"path":"/Users/adnan/Desktop/plugin-material-ui/src/components/Button/index.ts","statementMap":{"0":{"start":{"line":1,"column":0},"end":{"line":1,"column":null}}},"fnMap":{},"branchMap":{},"s":{"0":1},"f":{},"b":{}}
,"/Users/adnan/Desktop/plugin-material-ui/src/components/Checkbox/Checkbox.tsx": {"path":"/Users/adnan/Desktop/plugin-material-ui/src/components/Checkbox/Checkbox.tsx","statementMap":{"0":{"start":{"line":2,"column":0},"end":{"line":2,"column":null}},"1":{"start":{"line":3,"column":0},"end":{"line":3,"column":null}},"2":{"start":{"line":4,"column":0},"end":{"line":4,"column":null}},"3":{"start":{"line":5,"column":0},"end":{"line":5,"column":null}},"4":{"start":{"line":6,"column":0},"end":{"line":6,"column":null}},"5":{"start":{"line":8,"column":15},"end":{"line":35,"column":null}},"6":{"start":{"line":8,"column":56},"end":{"line":8,"column":42}},"7":{"start":{"line":11,"column":1},"end":{"line":13,"column":null}},"8":{"start":{"line":12,"column":2},"end":{"line":12,"column":9}},"9":{"start":{"line":16,"column":1},"end":{"line":18,"column":null}},"10":{"start":{"line":17,"column":2},"end":{"line":17,"column":9}},"11":{"start":{"line":20,"column":1},"end":{"line":20,"column":8}},"12":{"start":{"line":37,"column":12},"end":{"line":37,"column":null}},"13":{"start":{"line":39,"column":37},"end":{"line":39,"column":36}},"14":{"start":{"line":40,"column":2},"end":{"line":42,"column":null}},"15":{"start":{"line":41,"column":3},"end":{"line":41,"column":10}},"16":{"start":{"line":44,"column":2},"end":{"line":44,"column":null}},"17":{"start":{"line":47,"column":11},"end":{"line":47,"column":24}},"18":{"start":{"line":47,"column":11},"end":{"line":47,"column":49}},"19":{"start":{"line":47,"column":11},"end":{"line":47,"column":14}},"20":{"start":{"line":48,"column":2},"end":{"line":50,"column":null}},"21":{"start":{"line":49,"column":3},"end":{"line":49,"column":11}},"22":{"start":{"line":52,"column":2},"end":{"line":54,"column":null}},"23":{"start":{"line":53,"column":3},"end":{"line":53,"column":16}},"24":{"start":{"line":59,"column":13},"end":{"line":59,"column":24}},"25":{"start":{"line":61,"column":18},"end":{"line":61,"column":31}},"26":{"start":{"line":63,"column":70},"end":{"line":63,"column":16}},"27":{"start":{"line":63,"column":70},"end":{"line":63,"column":32}},"28":{"start":{"line":63,"column":70},"end":{"line":63,"column":41}},"29":{"start":{"line":63,"column":70},"end":{"line":63,"column":56}},"30":{"start":{"line":63,"column":56},"end":{"line":63,"column":70}},"31":{"start":{"line":65,"column":1},"end":{"line":67,"column":null}},"32":{"start":{"line":66,"column":2},"end":{"line":66,"column":9}},"33":{"start":{"line":70,"column":2},"end":{"line":70,"column":3}},"34":{"start":{"line":77,"column":1},"end":{"line":79,"column":null}},"35":{"start":{"line":78,"column":2},"end":{"line":78,"column":9}},"36":{"start":{"line":81,"column":1},"end":{"line":81,"column":null}}},"fnMap":{"0":{"name":"styles","decl":{"start":{"line":8,"column":6},"end":{"line":8,"column":12}},"loc":{"start":{"line":8,"column":56},"end":{"line":35,"column":null}}},"1":{"name":"color","decl":{"start":{"line":39,"column":8},"end":{"line":39,"column":11}},"loc":{"start":{"line":39,"column":37},"end":{"line":45,"column":null}}},"2":{"name":"onChange","decl":{"start":{"line":47,"column":11},"end":{"line":47,"column":14}},"loc":{"start":{"line":47,"column":11},"end":{"line":47,"column":14}}},"3":{"name":"(anonymous_3)","decl":{"start":{"line":47,"column":49},"end":{"line":47,"column":50}},"loc":{"start":{"line":47,"column":83},"end":{"line":55,"column":null}}},"4":{"name":"(anonymous_4)","decl":{"start":{"line":59,"column":48},"end":{"line":59,"column":49}},"loc":{"start":{"line":59,"column":73},"end":{"line":89,"column":null}}}},"branchMap":{"0":{"loc":{"start":{"line":11,"column":1},"end":{"line":13,"column":null}},"type":"if","locations":[{"start":{"line":11,"column":1},"end":{"line":13,"column":null}},{"start":{"line":11,"column":1},"end":{"line":13,"column":null}}]},"1":{"loc":{"start":{"line":11,"column":5},"end":{"line":11,"column":28}},"type":"binary-expr","locations":[{"start":{"line":11,"column":5},"end":{"line":11,"column":28}},{"start":{"line":11,"column":28},"end":{"line":11,"column":53}},{"start":{"line":11,"column":53},"end":{"line":11,"column":74}}]},"2":{"loc":{"start":{"line":16,"column":1},"end":{"line":18,"column":null}},"type":"if","locations":[{"start":{"line":16,"column":1},"end":{"line":18,"column":null}},{"start":{"line":16,"column":1},"end":{"line":18,"column":null}}]},"3":{"loc":{"start":{"line":40,"column":2},"end":{"line":42,"column":null}},"type":"if","locations":[{"start":{"line":40,"column":2},"end":{"line":42,"column":null}},{"start":{"line":40,"column":2},"end":{"line":42,"column":null}}]},"4":{"loc":{"start":{"line":40,"column":6},"end":{"line":40,"column":29}},"type":"binary-expr","locations":[{"start":{"line":40,"column":6},"end":{"line":40,"column":29}},{"start":{"line":40,"column":29},"end":{"line":40,"column":54}},{"start":{"line":40,"column":54},"end":{"line":40,"column":75}}]},"5":{"loc":{"start":{"line":48,"column":2},"end":{"line":50,"column":null}},"type":"if","locations":[{"start":{"line":48,"column":2},"end":{"line":50,"column":null}},{"start":{"line":48,"column":2},"end":{"line":50,"column":null}}]},"6":{"loc":{"start":{"line":52,"column":2},"end":{"line":54,"column":null}},"type":"if","locations":[{"start":{"line":52,"column":2},"end":{"line":54,"column":null}},{"start":{"line":52,"column":2},"end":{"line":54,"column":null}}]},"7":{"loc":{"start":{"line":65,"column":1},"end":{"line":67,"column":null}},"type":"if","locations":[{"start":{"line":65,"column":1},"end":{"line":67,"column":null}},{"start":{"line":65,"column":1},"end":{"line":67,"column":null}}]},"8":{"loc":{"start":{"line":77,"column":1},"end":{"line":79,"column":null}},"type":"if","locations":[{"start":{"line":77,"column":1},"end":{"line":79,"column":null}},{"start":{"line":77,"column":1},"end":{"line":79,"column":null}}]}},"s":{"0":1,"1":1,"2":1,"3":1,"4":1,"5":1,"6":0,"7":0,"8":0,"9":0,"10":0,"11":0,"12":1,"13":0,"14":0,"15":0,"16":0,"17":0,"18":0,"19":0,"20":0,"21":0,"22":0,"23":0,"24":1,"25":0,"26":0,"27":0,"28":0,"29":0,"30":0,"31":0,"32":0,"33":0,"34":0,"35":0,"36":0},"f":{"0":0,"1":0,"2":0,"3":0,"4":0},"b":{"0":[0,0],"1":[0,0,0],"2":[0,0],"3":[0,0],"4":[0,0,0],"5":[0,0],"6":[0,0],"7":[0,0],"8":[0,0]}}
,"/Users/adnan/Desktop/plugin-material-ui/src/components/Checkbox/index.ts": {"path":"/Users/adnan/Desktop/plugin-material-ui/src/components/Checkbox/index.ts","statementMap":{"0":{"start":{"line":1,"column":0},"end":{"line":1,"column":null}}},"fnMap":{},"branchMap":{},"s":{"0":1},"f":{},"b":{}}
,"/Users/adnan/Desktop/plugin-material-ui/src/components/Divider/Divider.tsx": {"path":"/Users/adnan/Desktop/plugin-material-ui/src/components/Divider/Divider.tsx","statementMap":{"0":{"start":{"line":2,"column":0},"end":{"line":2,"column":null}},"1":{"start":{"line":3,"column":0},"end":{"line":3,"column":null}},"2":{"start":{"line":5,"column":13},"end":{"line":5,"column":23}},"3":{"start":{"line":8,"column":11},"end":{"line":8,"column":40}},"4":{"start":{"line":8,"column":11},"end":{"line":8,"column":14}}},"fnMap":{"0":{"name":"variant","decl":{"start":{"line":8,"column":11},"end":{"line":8,"column":14}},"loc":{"start":{"line":8,"column":11},"end":{"line":8,"column":14}}}},"branchMap":{"0":{"loc":{"start":{"line":8,"column":57},"end":{"line":8,"column":67}},"type":"cond-expr","locations":[{"start":{"line":8,"column":57},"end":{"line":8,"column":67}},{"start":{"line":8,"column":67},"end":{"line":8,"column":null}}]}},"s":{"0":1,"1":1,"2":1,"3":0,"4":0},"f":{"0":0},"b":{"0":[0,0]}}
,"/Users/adnan/Desktop/plugin-material-ui/src/components/Divider/index.ts": {"path":"/Users/adnan/Desktop/plugin-material-ui/src/components/Divider/index.ts","statementMap":{"0":{"start":{"line":1,"column":0},"end":{"line":1,"column":null}}},"fnMap":{},"branchMap":{},"s":{"0":1},"f":{},"b":{}}
,"/Users/adnan/Desktop/plugin-material-ui/src/components/DrawerItem/DrawerItem.tsx": {"path":"/Users/adnan/Desktop/plugin-material-ui/src/components/DrawerItem/DrawerItem.tsx","statementMap":{"0":{"start":{"line":2,"column":0},"end":{"line":2,"column":null}},"1":{"start":{"line":3,"column":0},"end":{"line":3,"column":null}},"2":{"start":{"line":4,"column":0},"end":{"line":4,"column":null}},"3":{"start":{"line":5,"column":0},"end":{"line":5,"column":null}},"4":{"start":{"line":6,"column":0},"end":{"line":6,"column":null}},"5":{"start":{"line":8,"column":13},"end":{"line":8,"column":26}},"6":{"start":{"line":10,"column":59},"end":{"line":10,"column":17}},"7":{"start":{"line":10,"column":59},"end":{"line":10,"column":27}},"8":{"start":{"line":10,"column":59},"end":{"line":10,"column":33}},"9":{"start":{"line":10,"column":59},"end":{"line":10,"column":42}},"10":{"start":{"line":10,"column":59},"end":{"line":10,"column":49}},"11":{"start":{"line":10,"column":59},"end":{"line":8,"column":52}},"12":{"start":{"line":11,"column":14},"end":{"line":11,"column":38}},"13":{"start":{"line":13,"column":1},"end":{"line":13,"column":null}}},"fnMap":{"0":{"name":"(anonymous_0)","decl":{"start":{"line":8,"column":26},"end":{"line":8,"column":27}},"loc":{"start":{"line":8,"column":53},"end":{"line":20,"column":null}}}},"branchMap":{"0":{"loc":{"start":{"line":15,"column":11},"end":{"line":15,"column":12}},"type":"cond-expr","locations":[{"start":{"line":15,"column":11},"end":{"line":15,"column":12}},{"start":{"line":15,"column":61},"end":{"line":15,"column":null}}]},"1":{"loc":{"start":{"line":16,"column":14},"end":{"line":16,"column":15}},"type":"cond-expr","locations":[{"start":{"line":16,"column":14},"end":{"line":16,"column":15}},{"start":{"line":16,"column":64},"end":{"line":16,"column":null}}]}},"s":{"0":1,"1":1,"2":1,"3":1,"4":1,"5":1,"6":0,"7":0,"8":0,"9":0,"10":0,"11":0,"12":0,"13":0},"f":{"0":0},"b":{"0":[0,0],"1":[0,0]}}
,"/Users/adnan/Desktop/plugin-material-ui/src/components/DrawerItem/index.ts": {"path":"/Users/adnan/Desktop/plugin-material-ui/src/components/DrawerItem/index.ts","statementMap":{"0":{"start":{"line":1,"column":0},"end":{"line":1,"column":null}}},"fnMap":{},"branchMap":{},"s":{"0":1},"f":{},"b":{}}
,"/Users/adnan/Desktop/plugin-material-ui/src/components/DrawerLayout/DrawerContext.ts": {"path":"/Users/adnan/Desktop/plugin-material-ui/src/components/DrawerLayout/DrawerContext.ts","statementMap":{"0":{"start":{"line":2,"column":0},"end":{"line":2,"column":null}},"1":{"start":{"line":4,"column":13},"end":{"line":4,"column":65}},"2":{"start":{"line":8,"column":13},"end":{"line":8,"column":29}},"3":{"start":{"line":8,"column":29},"end":{"line":8,"column":30}}},"fnMap":{"0":{"name":"(anonymous_0)","decl":{"start":{"line":8,"column":29},"end":{"line":8,"column":30}},"loc":{"start":{"line":8,"column":29},"end":{"line":8,"column":30}}}},"branchMap":{},"s":{"0":1,"1":1,"2":1,"3":0},"f":{"0":0},"b":{}}
,"/Users/adnan/Desktop/plugin-material-ui/src/components/DrawerLayout/DrawerLayout.tsx": {"path":"/Users/adnan/Desktop/plugin-material-ui/src/components/DrawerLayout/DrawerLayout.tsx","statementMap":{"0":{"start":{"line":1,"column":0},"end":{"line":1,"column":null}},"1":{"start":{"line":2,"column":0},"end":{"line":2,"column":null}},"2":{"start":{"line":3,"column":0},"end":{"line":3,"column":null}},"3":{"start":{"line":4,"column":0},"end":{"line":4,"column":null}},"4":{"start":{"line":6,"column":0},"end":{"line":6,"column":null}},"5":{"start":{"line":14,"column":0},"end":{"line":14,"column":13}},"6":{"start":{"line":18,"column":10},"end":{"line":18,"column":18}},"7":{"start":{"line":19,"column":15},"end":{"line":19,"column":21}},"8":{"start":{"line":21,"column":14},"end":{"line":21,"column":20}},"9":{"start":{"line":22,"column":16},"end":{"line":22,"column":22}},"10":{"start":{"line":25,"column":7},"end":{"line":25,"column":null}},"11":{"start":{"line":36,"column":6},"end":{"line":36,"column":null}},"12":{"start":{"line":25,"column":7},"end":{"line":28,"column":null}},"13":{"start":{"line":25,"column":7},"end":{"line":29,"column":null}},"14":{"start":{"line":25,"column":7},"end":{"line":30,"column":null}},"15":{"start":{"line":25,"column":7},"end":{"line":31,"column":null}},"16":{"start":{"line":25,"column":7},"end":{"line":32,"column":null}},"17":{"start":{"line":25,"column":7},"end":{"line":33,"column":null}},"18":{"start":{"line":25,"column":7},"end":{"line":34,"column":null}},"19":{"start":{"line":25,"column":7},"end":{"line":35,"column":null}},"20":{"start":{"line":39,"column":22},"end":{"line":39,"column":null}},"21":{"start":{"line":44,"column":20},"end":{"line":44,"column":26}},"22":{"start":{"line":51,"column":28},"end":{"line":53,"column":null}},"23":{"start":{"line":56,"column":2},"end":{"line":56,"column":null}},"24":{"start":{"line":16,"column":8},"end":{"line":16,"column":22}},"25":{"start":{"line":69,"column":15},"end":{"line":69,"column":16}},"26":{"start":{"line":95,"column":13},"end":{"line":95,"column":28}}},"fnMap":{"0":{"name":"DrawerLayoutComponent","decl":{"start":{"line":14,"column":0},"end":{"line":14,"column":13}},"loc":{"start":{"line":14,"column":0},"end":{"line":67,"column":null}}},"1":{"name":"closeDrawer","decl":{"start":{"line":19,"column":15},"end":{"line":19,"column":21}},"loc":{"start":{"line":19,"column":15},"end":{"line":19,"column":21}}},"2":{"name":"openDrawer","decl":{"start":{"line":21,"column":14},"end":{"line":21,"column":20}},"loc":{"start":{"line":21,"column":14},"end":{"line":21,"column":20}}},"3":{"name":"toggleDrawer","decl":{"start":{"line":22,"column":16},"end":{"line":22,"column":22}},"loc":{"start":{"line":22,"column":16},"end":{"line":22,"column":22}}},"4":{"name":"onBackdropClick","decl":{"start":{"line":44,"column":20},"end":{"line":44,"column":26}},"loc":{"start":{"line":44,"column":20},"end":{"line":44,"column":26}}},"5":{"name":"styles","decl":{"start":{"line":69,"column":6},"end":{"line":69,"column":12}},"loc":{"start":{"line":69,"column":15},"end":{"line":69,"column":16}}}},"branchMap":{"0":{"loc":{"start":{"line":20,"column":40},"end":{"line":20,"column":58}},"type":"cond-expr","locations":[{"start":{"line":20,"column":40},"end":{"line":20,"column":58}},{"start":{"line":20,"column":58},"end":{"line":20,"column":null}}]},"1":{"loc":{"start":{"line":41,"column":13},"end":{"line":41,"column":33}},"type":"binary-expr","locations":[{"start":{"line":41,"column":13},"end":{"line":41,"column":33}},{"start":{"line":41,"column":37},"end":{"line":41,"column":null}}]},"2":{"loc":{"start":{"line":48,"column":39},"end":{"line":48,"column":54}},"type":"cond-expr","locations":[{"start":{"line":48,"column":39},"end":{"line":48,"column":54}},{"start":{"line":48,"column":54},"end":{"line":48,"column":null}}]},"3":{"loc":{"start":{"line":52,"column":7},"end":{"line":51,"column":28}},"type":"cond-expr","locations":[{"start":{"line":52,"column":7},"end":{"line":51,"column":28}},{"start":{"line":53,"column":4},"end":{"line":53,"column":null}}]},"4":{"loc":{"start":{"line":52,"column":44},"end":{"line":52,"column":67}},"type":"cond-expr","locations":[{"start":{"line":52,"column":44},"end":{"line":52,"column":67}},{"start":{"line":52,"column":67},"end":{"line":52,"column":null}}]}},"s":{"0":1,"1":1,"2":1,"3":1,"4":1,"5":1,"6":0,"7":0,"8":0,"9":0,"10":0,"11":0,"12":0,"13":0,"14":0,"15":0,"16":0,"17":0,"18":0,"19":0,"20":0,"21":0,"22":0,"23":0,"24":1,"25":1,"26":1},"f":{"0":0,"1":0,"2":0,"3":0,"4":0,"5":0},"b":{"0":[0,0],"1":[0,0],"2":[0,0],"3":[0,0],"4":[0,0]}}
,"/Users/adnan/Desktop/plugin-material-ui/src/components/DrawerLayout/index.ts": {"path":"/Users/adnan/Desktop/plugin-material-ui/src/components/DrawerLayout/index.ts","statementMap":{"0":{"start":{"line":1,"column":0},"end":{"line":1,"column":null}},"1":{"start":{"line":2,"column":0},"end":{"line":2,"column":null}}},"fnMap":{},"branchMap":{},"s":{"0":1,"1":1},"f":{},"b":{}}
,"/Users/adnan/Desktop/plugin-material-ui/src/components/DrawerSection/DrawerSection.tsx": {"path":"/Users/adnan/Desktop/plugin-material-ui/src/components/DrawerSection/DrawerSection.tsx","statementMap":{"0":{"start":{"line":2,"column":0},"end":{"line":2,"column":null}},"1":{"start":{"line":3,"column":0},"end":{"line":3,"column":null}},"2":{"start":{"line":4,"column":0},"end":{"line":4,"column":null}},"3":{"start":{"line":5,"column":0},"end":{"line":5,"column":null}},"4":{"start":{"line":7,"column":13},"end":{"line":7,"column":29}},"5":{"start":{"line":9,"column":12},"end":{"line":9,"column":47}},"6":{"start":{"line":9,"column":12},"end":{"line":9,"column":15}}},"fnMap":{"0":{"name":"subheader","decl":{"start":{"line":9,"column":12},"end":{"line":9,"column":15}},"loc":{"start":{"line":9,"column":12},"end":{"line":9,"column":15}}}},"branchMap":{"0":{"loc":{"start":{"line":9,"column":55},"end":{"line":9,"column":56}},"type":"cond-expr","locations":[{"start":{"line":9,"column":55},"end":{"line":9,"column":56}},{"start":{"line":9,"column":96},"end":{"line":9,"column":null}}]}},"s":{"0":1,"1":1,"2":1,"3":1,"4":1,"5":0,"6":0},"f":{"0":0},"b":{"0":[0,0]}}
,"/Users/adnan/Desktop/plugin-material-ui/src/components/DrawerSection/index.ts": {"path":"/Users/adnan/Desktop/plugin-material-ui/src/components/DrawerSection/index.ts","statementMap":{"0":{"start":{"line":1,"column":0},"end":{"line":1,"column":null}}},"fnMap":{},"branchMap":{},"s":{"0":1},"f":{},"b":{}}
,"/Users/adnan/Desktop/plugin-material-ui/src/components/ListItem/ListItem.tsx": {"path":"/Users/adnan/Desktop/plugin-material-ui/src/components/ListItem/ListItem.tsx","statementMap":{"0":{"start":{"line":2,"column":0},"end":{"line":2,"column":null}},"1":{"start":{"line":3,"column":0},"end":{"line":3,"column":null}},"2":{"start":{"line":4,"column":0},"end":{"line":4,"column":null}},"3":{"start":{"line":6,"column":13},"end":{"line":6,"column":24}},"4":{"start":{"line":8,"column":72},"end":{"line":8,"column":17}},"5":{"start":{"line":8,"column":72},"end":{"line":8,"column":27}},"6":{"start":{"line":8,"column":72},"end":{"line":8,"column":40}},"7":{"start":{"line":8,"column":72},"end":{"line":8,"column":46}},"8":{"start":{"line":8,"column":72},"end":{"line":8,"column":55}},"9":{"start":{"line":8,"column":72},"end":{"line":8,"column":62}},"10":{"start":{"line":8,"column":72},"end":{"line":6,"column":48}},"11":{"start":{"line":10,"column":1},"end":{"line":10,"column":null}}},"fnMap":{"0":{"name":"(anonymous_0)","decl":{"start":{"line":6,"column":24},"end":{"line":6,"column":25}},"loc":{"start":{"line":6,"column":49},"end":{"line":17,"column":null}}}},"branchMap":{"0":{"loc":{"start":{"line":13,"column":29},"end":{"line":13,"column":30}},"type":"cond-expr","locations":[{"start":{"line":13,"column":29},"end":{"line":13,"column":30}},{"start":{"line":13,"column":103},"end":{"line":13,"column":null}}]},"1":{"loc":{"start":{"line":13,"column":5},"end":{"line":13,"column":10}},"type":"binary-expr","locations":[{"start":{"line":13,"column":5},"end":{"line":13,"column":10}},{"start":{"line":13,"column":14},"end":{"line":13,"column":29}}]}},"s":{"0":1,"1":1,"2":1,"3":1,"4":0,"5":0,"6":0,"7":0,"8":0,"9":0,"10":0,"11":0},"f":{"0":0},"b":{"0":[0,0],"1":[0,0]}}
,"/Users/adnan/Desktop/plugin-material-ui/src/components/ListItem/index.ts": {"path":"/Users/adnan/Desktop/plugin-material-ui/src/components/ListItem/index.ts","statementMap":{"0":{"start":{"line":1,"column":0},"end":{"line":1,"column":null}}},"fnMap":{},"branchMap":{},"s":{"0":1},"f":{},"b":{}}
,"/Users/adnan/Desktop/plugin-material-ui/src/components/ListSection/ListSection.tsx": {"path":"/Users/adnan/Desktop/plugin-material-ui/src/components/ListSection/ListSection.tsx","statementMap":{"0":{"start":{"line":1,"column":0},"end":{"line":1,"column":null}},"1":{"start":{"line":5,"column":0},"end":{"line":5,"column":null}},"2":{"start":{"line":7,"column":13},"end":{"line":7,"column":27}}},"fnMap":{},"branchMap":{},"s":{"0":1,"1":1,"2":1},"f":{},"b":{}}
,"/Users/adnan/Desktop/plugin-material-ui/src/components/ListSection/index.ts": {"path":"/Users/adnan/Desktop/plugin-material-ui/src/components/ListSection/index.ts","statementMap":{"0":{"start":{"line":1,"column":0},"end":{"line":1,"column":null}}},"fnMap":{},"branchMap":{},"s":{"0":1},"f":{},"b":{}}
,"/Users/adnan/Desktop/plugin-material-ui/src/components/ListSubheader/ListSubheader.tsx": {"path":"/Users/adnan/Desktop/plugin-material-ui/src/components/ListSubheader/ListSubheader.tsx","statementMap":{"0":{"start":{"line":1,"column":0},"end":{"line":1,"column":null}},"1":{"start":{"line":3,"column":13},"end":{"line":3,"column":29}}},"fnMap":{},"branchMap":{},"s":{"0":1,"1":1},"f":{},"b":{}}
,"/Users/adnan/Desktop/plugin-material-ui/src/components/ListSubheader/index.ts": {"path":"/Users/adnan/Desktop/plugin-material-ui/src/components/ListSubheader/index.ts","statementMap":{"0":{"start":{"line":1,"column":0},"end":{"line":1,"column":null}}},"fnMap":{},"branchMap":{},"s":{"0":1},"f":{},"b":{}}
,"/Users/adnan/Desktop/plugin-material-ui/src/components/Picker/Picker.tsx": {"path":"/Users/adnan/Desktop/plugin-material-ui/src/components/Picker/Picker.tsx","statementMap":{"0":{"start":{"line":1,"column":0},"end":{"line":1,"column":null}},"1":{"start":{"line":2,"column":0},"end":{"line":2,"column":null}},"2":{"start":{"line":3,"column":0},"end":{"line":3,"column":null}},"3":{"start":{"line":4,"column":0},"end":{"line":4,"column":null}},"4":{"start":{"line":5,"column":0},"end":{"line":5,"column":null}},"5":{"start":{"line":6,"column":0},"end":{"line":6,"column":null}},"6":{"start":{"line":7,"column":0},"end":{"line":7,"column":null}},"7":{"start":{"line":8,"column":0},"end":{"line":8,"column":null}},"8":{"start":{"line":9,"column":0},"end":{"line":9,"column":null}},"9":{"start":{"line":10,"column":0},"end":{"line":10,"column":null}},"10":{"start":{"line":12,"column":17},"end":{"line":12,"column":null}},"11":{"start":{"line":13,"column":15},"end":{"line":13,"column":49}},"12":{"start":{"line":13,"column":15},"end":{"line":13,"column":18}},"13":{"start":{"line":14,"column":9},"end":{"line":14,"column":36}},"14":{"start":{"line":14,"column":9},"end":{"line":14,"column":12}},"15":{"start":{"line":17,"column":11},"end":{"line":17,"column":24}},"16":{"start":{"line":17,"column":11},"end":{"line":17,"column":49}},"17":{"start":{"line":17,"column":11},"end":{"line":17,"column":14}},"18":{"start":{"line":18,"column":2},"end":{"line":20,"column":null}},"19":{"start":{"line":19,"column":3},"end":{"line":19,"column":11}},"20":{"start":{"line":22,"column":2},"end":{"line":24,"column":null}},"21":{"start":{"line":23,"column":3},"end":{"line":23,"column":16}},"22":{"start":{"line":29,"column":13},"end":{"line":29,"column":22}},"23":{"start":{"line":31,"column":18},"end":{"line":31,"column":31}},"24":{"start":{"line":54,"column":5},"end":{"line":37,"column":null}},"25":{"start":{"line":54,"column":5},"end":{"line":38,"column":null}},"26":{"start":{"line":54,"column":5},"end":{"line":39,"column":null}},"27":{"start":{"line":54,"column":5},"end":{"line":40,"column":null}},"28":{"start":{"line":54,"column":5},"end":{"line":41,"column":null}},"29":{"start":{"line":54,"column":5},"end":{"line":42,"column":null}},"30":{"start":{"line":54,"column":5},"end":{"line":43,"column":null}},"31":{"start":{"line":54,"column":5},"end":{"line":44,"column":null}},"32":{"start":{"line":54,"column":5},"end":{"line":45,"column":null}},"33":{"start":{"line":54,"column":5},"end":{"line":46,"column":null}},"34":{"start":{"line":54,"column":5},"end":{"line":47,"column":null}},"35":{"start":{"line":54,"column":5},"end":{"line":48,"column":null}},"36":{"start":{"line":54,"column":5},"end":{"line":49,"column":null}},"37":{"start":{"line":54,"column":5},"end":{"line":50,"column":null}},"38":{"start":{"line":54,"column":5},"end":{"line":51,"column":null}},"39":{"start":{"line":54,"column":5},"end":{"line":52,"column":null}},"40":{"start":{"line":53,"column":2},"end":{"line":53,"column":null}},"41":{"start":{"line":56,"column":22},"end":{"line":56,"column":null}},"42":{"start":{"line":58,"column":1},"end":{"line":60,"column":null}},"43":{"start":{"line":59,"column":2},"end":{"line":59,"column":16}},"44":{"start":{"line":61,"column":1},"end":{"line":63,"column":null}},"45":{"start":{"line":62,"column":2},"end":{"line":62,"column":16}},"46":{"start":{"line":65,"column":23},"end":{"line":65,"column":null}},"47":{"start":{"line":73,"column":21},"end":{"line":73,"column":null}},"48":{"start":{"line":83,"column":1},"end":{"line":83,"column":null}},"49":{"start":{"line":95,"column":0},"end":{"line":95,"column":7}}},"fnMap":{"0":{"name":"displayEmpty","decl":{"start":{"line":13,"column":15},"end":{"line":13,"column":18}},"loc":{"start":{"line":13,"column":15},"end":{"line":13,"column":18}}},"1":{"name":"native","decl":{"start":{"line":14,"column":9},"end":{"line":14,"column":12}},"loc":{"start":{"line":14,"column":9},"end":{"line":14,"column":12}}},"2":{"name":"onChange","decl":{"start":{"line":17,"column":11},"end":{"line":17,"column":14}},"loc":{"start":{"line":17,"column":11},"end":{"line":17,"column":14}}},"3":{"name":"(anonymous_3)","decl":{"start":{"line":17,"column":49},"end":{"line":17,"column":50}},"loc":{"start":{"line":17,"column":80},"end":{"line":25,"column":null}}},"4":{"name":"(anonymous_4)","decl":{"start":{"line":29,"column":22},"end":{"line":29,"column":23}},"loc":{"start":{"line":29,"column":84},"end":{"line":93,"column":null}}}},"branchMap":{"0":{"loc":{"start":{"line":14,"column":57},"end":{"line":14,"column":65}},"type":"cond-expr","locations":[{"start":{"line":14,"column":57},"end":{"line":14,"column":65}},{"start":{"line":14,"column":65},"end":{"line":14,"column":null}}]},"1":{"loc":{"start":{"line":18,"column":2},"end":{"line":20,"column":null}},"type":"if","locations":[{"start":{"line":18,"column":2},"end":{"line":20,"column":null}},{"start":{"line":18,"column":2},"end":{"line":20,"column":null}}]},"2":{"loc":{"start":{"line":22,"column":2},"end":{"line":24,"column":null}},"type":"if","locations":[{"start":{"line":22,"column":2},"end":{"line":24,"column":null}},{"start":{"line":22,"column":2},"end":{"line":24,"column":null}}]},"3":{"loc":{"start":{"line":58,"column":1},"end":{"line":60,"column":null}},"type":"if","locations":[{"start":{"line":58,"column":1},"end":{"line":60,"column":null}},{"start":{"line":58,"column":1},"end":{"line":60,"column":null}}]},"4":{"loc":{"start":{"line":61,"column":1},"end":{"line":63,"column":null}},"type":"if","locations":[{"start":{"line":61,"column":1},"end":{"line":63,"column":null}},{"start":{"line":61,"column":1},"end":{"line":63,"column":null}}]},"5":{"loc":{"start":{"line":85,"column":12},"end":{"line":85,"column":13}},"type":"cond-expr","locations":[{"start":{"line":85,"column":12},"end":{"line":85,"column":13}},{"start":{"line":85,"column":60},"end":{"line":85,"column":null}}]},"6":{"loc":{"start":{"line":87,"column":19},"end":{"line":87,"column":20}},"type":"cond-expr","locations":[{"start":{"line":87,"column":19},"end":{"line":87,"column":20}},{"start":{"line":87,"column":74},"end":{"line":87,"column":null}}]},"7":{"loc":{"start":{"line":90,"column":20},"end":{"line":90,"column":21}},"type":"cond-expr","locations":[{"start":{"line":90,"column":20},"end":{"line":90,"column":21}},{"start":{"line":90,"column":68},"end":{"line":90,"column":null}}]}},"s":{"0":1,"1":1,"2":1,"3":1,"4":1,"5":1,"6":1,"7":1,"8":1,"9":1,"10":1,"11":0,"12":0,"13":0,"14":0,"15":0,"16":0,"17":0,"18":0,"19":0,"20":0,"21":0,"22":1,"23":0,"24":0,"25":0,"26":0,"27":0,"28":0,"29":0,"30":0,"31":0,"32":0,"33":0,"34":0,"35":0,"36":0,"37":0,"38":0,"39":0,"40":0,"41":0,"42":0,"43":0,"44":0,"45":0,"46":0,"47":0,"48":0,"49":1},"f":{"0":0,"1":0,"2":0,"3":0,"4":0},"b":{"0":[0,0],"1":[0,0],"2":[0,0],"3":[0,0],"4":[0,0],"5":[0,0],"6":[0,0],"7":[0,0]}}
,"/Users/adnan/Desktop/plugin-material-ui/src/components/Picker/index.ts": {"path":"/Users/adnan/Desktop/plugin-material-ui/src/components/Picker/index.ts","statementMap":{"0":{"start":{"line":1,"column":0},"end":{"line":1,"column":null}}},"fnMap":{},"branchMap":{},"s":{"0":1},"f":{},"b":{}}
,"/Users/adnan/Desktop/plugin-material-ui/src/components/PickerItem/PickerItem.tsx": {"path":"/Users/adnan/Desktop/plugin-material-ui/src/components/PickerItem/PickerItem.tsx","statementMap":{"0":{"start":{"line":2,"column":0},"end":{"line":2,"column":null}},"1":{"start":{"line":4,"column":13},"end":{"line":4,"column":26}},"2":{"start":{"line":4,"column":34},"end":{"line":4,"column":26}},"3":{"start":{"line":4,"column":36},"end":{"line":4,"column":66}},"4":{"start":{"line":4,"column":67},"end":{"line":4,"column":null}}},"fnMap":{"0":{"name":"(anonymous_0)","decl":{"start":{"line":4,"column":26},"end":{"line":4,"column":27}},"loc":{"start":{"line":4,"column":66},"end":{"line":6,"column":null}}}},"branchMap":{},"s":{"0":1,"1":1,"2":0,"3":0,"4":0},"f":{"0":0},"b":{}}
,"/Users/adnan/Desktop/plugin-material-ui/src/components/PickerItem/index.ts": {"path":"/Users/adnan/Desktop/plugin-material-ui/src/components/PickerItem/index.ts","statementMap":{"0":{"start":{"line":1,"column":0},"end":{"line":1,"column":null}}},"fnMap":{},"branchMap":{},"s":{"0":1},"f":{},"b":{}}
,"/Users/adnan/Desktop/plugin-material-ui/src/components/Radio/Radio.tsx": {"path":"/Users/adnan/Desktop/plugin-material-ui/src/components/Radio/Radio.tsx","statementMap":{"0":{"start":{"line":1,"column":0},"end":{"line":1,"column":null}},"1":{"start":{"line":2,"column":0},"end":{"line":2,"column":null}},"2":{"start":{"line":4,"column":0},"end":{"line":4,"column":null}},"3":{"start":{"line":5,"column":0},"end":{"line":5,"column":null}},"4":{"start":{"line":6,"column":0},"end":{"line":6,"column":null}},"5":{"start":{"line":8,"column":15},"end":{"line":35,"column":null}},"6":{"start":{"line":8,"column":53},"end":{"line":8,"column":39}},"7":{"start":{"line":11,"column":1},"end":{"line":13,"column":null}},"8":{"start":{"line":12,"column":2},"end":{"line":12,"column":9}},"9":{"start":{"line":16,"column":1},"end":{"line":18,"column":null}},"10":{"start":{"line":17,"column":2},"end":{"line":17,"column":9}},"11":{"start":{"line":20,"column":1},"end":{"line":20,"column":8}},"12":{"start":{"line":37,"column":12},"end":{"line":37,"column":null}},"13":{"start":{"line":39,"column":34},"end":{"line":39,"column":33}},"14":{"start":{"line":40,"column":2},"end":{"line":42,"column":null}},"15":{"start":{"line":41,"column":3},"end":{"line":41,"column":10}},"16":{"start":{"line":44,"column":2},"end":{"line":44,"column":null}},"17":{"start":{"line":47,"column":11},"end":{"line":47,"column":24}},"18":{"start":{"line":47,"column":11},"end":{"line":47,"column":49}},"19":{"start":{"line":47,"column":11},"end":{"line":47,"column":14}},"20":{"start":{"line":48,"column":2},"end":{"line":50,"column":null}},"21":{"start":{"line":49,"column":3},"end":{"line":49,"column":11}},"22":{"start":{"line":52,"column":2},"end":{"line":54,"column":null}},"23":{"start":{"line":53,"column":3},"end":{"line":53,"column":16}},"24":{"start":{"line":59,"column":13},"end":{"line":59,"column":21}},"25":{"start":{"line":61,"column":18},"end":{"line":61,"column":31}},"26":{"start":{"line":63,"column":55},"end":{"line":63,"column":16}},"27":{"start":{"line":63,"column":55},"end":{"line":63,"column":32}},"28":{"start":{"line":63,"column":55},"end":{"line":63,"column":41}},"29":{"start":{"line":63,"column":41},"end":{"line":63,"column":55}},"30":{"start":{"line":65,"column":1},"end":{"line":67,"column":null}},"31":{"start":{"line":66,"column":2},"end":{"line":66,"column":9}},"32":{"start":{"line":70,"column":2},"end":{"line":70,"column":3}},"33":{"start":{"line":76,"column":1},"end":{"line":78,"column":null}},"34":{"start":{"line":77,"column":2},"end":{"line":77,"column":9}},"35":{"start":{"line":80,"column":1},"end":{"line":80,"column":null}}},"fnMap":{"0":{"name":"styles","decl":{"start":{"line":8,"column":6},"end":{"line":8,"column":12}},"loc":{"start":{"line":8,"column":53},"end":{"line":35,"column":null}}},"1":{"name":"color","decl":{"start":{"line":39,"column":8},"end":{"line":39,"column":11}},"loc":{"start":{"line":39,"column":34},"end":{"line":45,"column":null}}},"2":{"name":"onChange","decl":{"start":{"line":47,"column":11},"end":{"line":47,"column":14}},"loc":{"start":{"line":47,"column":11},"end":{"line":47,"column":14}}},"3":{"name":"(anonymous_3)","decl":{"start":{"line":47,"column":49},"end":{"line":47,"column":50}},"loc":{"start":{"line":47,"column":83},"end":{"line":55,"column":null}}},"4":{"name":"(anonymous_4)","decl":{"start":{"line":59,"column":45},"end":{"line":59,"column":46}},"loc":{"start":{"line":59,"column":67},"end":{"line":88,"column":null}}}},"branchMap":{"0":{"loc":{"start":{"line":11,"column":1},"end":{"line":13,"column":null}},"type":"if","locations":[{"start":{"line":11,"column":1},"end":{"line":13,"column":null}},{"start":{"line":11,"column":1},"end":{"line":13,"column":null}}]},"1":{"loc":{"start":{"line":11,"column":5},"end":{"line":11,"column":28}},"type":"binary-expr","locations":[{"start":{"line":11,"column":5},"end":{"line":11,"column":28}},{"start":{"line":11,"column":28},"end":{"line":11,"column":53}},{"start":{"line":11,"column":53},"end":{"line":11,"column":74}}]},"2":{"loc":{"start":{"line":16,"column":1},"end":{"line":18,"column":null}},"type":"if","locations":[{"start":{"line":16,"column":1},"end":{"line":18,"column":null}},{"start":{"line":16,"column":1},"end":{"line":18,"column":null}}]},"3":{"loc":{"start":{"line":40,"column":2},"end":{"line":42,"column":null}},"type":"if","locations":[{"start":{"line":40,"column":2},"end":{"line":42,"column":null}},{"start":{"line":40,"column":2},"end":{"line":42,"column":null}}]},"4":{"loc":{"start":{"line":40,"column":6},"end":{"line":40,"column":29}},"type":"binary-expr","locations":[{"start":{"line":40,"column":6},"end":{"line":40,"column":29}},{"start":{"line":40,"column":29},"end":{"line":40,"column":54}},{"start":{"line":40,"column":54},"end":{"line":40,"column":75}}]},"5":{"loc":{"start":{"line":48,"column":2},"end":{"line":50,"column":null}},"type":"if","locations":[{"start":{"line":48,"column":2},"end":{"line":50,"column":null}},{"start":{"line":48,"column":2},"end":{"line":50,"column":null}}]},"6":{"loc":{"start":{"line":52,"column":2},"end":{"line":54,"column":null}},"type":"if","locations":[{"start":{"line":52,"column":2},"end":{"line":54,"column":null}},{"start":{"line":52,"column":2},"end":{"line":54,"column":null}}]},"7":{"loc":{"start":{"line":65,"column":1},"end":{"line":67,"column":null}},"type":"if","locations":[{"start":{"line":65,"column":1},"end":{"line":67,"column":null}},{"start":{"line":65,"column":1},"end":{"line":67,"column":null}}]},"8":{"loc":{"start":{"line":76,"column":1},"end":{"line":78,"column":null}},"type":"if","locations":[{"start":{"line":76,"column":1},"end":{"line":78,"column":null}},{"start":{"line":76,"column":1},"end":{"line":78,"column":null}}]}},"s":{"0":1,"1":1,"2":1,"3":1,"4":1,"5":1,"6":0,"7":0,"8":0,"9":0,"10":0,"11":0,"12":1,"13":0,"14":0,"15":0,"16":0,"17":0,"18":0,"19":0,"20":0,"21":0,"22":0,"23":0,"24":1,"25":0,"26":0,"27":0,"28":0,"29":0,"30":0,"31":0,"32":0,"33":0,"34":0,"35":0},"f":{"0":0,"1":0,"2":0,"3":0,"4":0},"b":{"0":[0,0],"1":[0,0,0],"2":[0,0],"3":[0,0],"4":[0,0,0],"5":[0,0],"6":[0,0],"7":[0,0],"8":[0,0]}}
,"/Users/adnan/Desktop/plugin-material-ui/src/components/Radio/index.ts": {"path":"/Users/adnan/Desktop/plugin-material-ui/src/components/Radio/index.ts","statementMap":{"0":{"start":{"line":1,"column":0},"end":{"line":1,"column":null}}},"fnMap":{},"branchMap":{},"s":{"0":1},"f":{},"b":{}}
,"/Users/adnan/Desktop/plugin-material-ui/src/components/RadioGroup/RadioGroup.tsx": {"path":"/Users/adnan/Desktop/plugin-material-ui/src/components/RadioGroup/RadioGroup.tsx","statementMap":{"0":{"start":{"line":1,"column":0},"end":{"line":1,"column":null}},"1":{"start":{"line":2,"column":0},"end":{"line":2,"column":null}},"2":{"start":{"line":3,"column":0},"end":{"line":3,"column":null}},"3":{"start":{"line":4,"column":0},"end":{"line":4,"column":null}},"4":{"start":{"line":6,"column":0},"end":{"line":6,"column":null}},"5":{"start":{"line":7,"column":0},"end":{"line":7,"column":null}},"6":{"start":{"line":9,"column":13},"end":{"line":9,"column":26}},"7":{"start":{"line":10,"column":11},"end":{"line":10,"column":24}},"8":{"start":{"line":10,"column":11},"end":{"line":10,"column":49}},"9":{"start":{"line":10,"column":11},"end":{"line":10,"column":14}},"10":{"start":{"line":11,"column":2},"end":{"line":13,"column":null}},"11":{"start":{"line":12,"column":3},"end":{"line":12,"column":11}},"12":{"start":{"line":15,"column":2},"end":{"line":17,"column":null}},"13":{"start":{"line":16,"column":3},"end":{"line":16,"column":16}},"14":{"start":{"line":24,"column":41},"end":{"line":24,"column":22}},"15":{"start":{"line":24,"column":41},"end":{"line":24,"column":29}},"16":{"start":{"line":24,"column":29},"end":{"line":24,"column":41}},"17":{"start":{"line":26,"column":2},"end":{"line":26,"column":null}}},"fnMap":{"0":{"name":"onChange","decl":{"start":{"line":10,"column":11},"end":{"line":10,"column":14}},"loc":{"start":{"line":10,"column":11},"end":{"line":10,"column":14}}},"1":{"name":"(anonymous_1)","decl":{"start":{"line":10,"column":49},"end":{"line":10,"column":50}},"loc":{"start":{"line":10,"column":99},"end":{"line":18,"column":null}}},"2":{"name":"render","decl":{"start":{"line":19,"column":3},"end":{"line":19,"column":null}},"loc":{"start":{"line":22,"column":34},"end":{"line":33,"column":null}}}},"branchMap":{"0":{"loc":{"start":{"line":11,"column":2},"end":{"line":13,"column":null}},"type":"if","locations":[{"start":{"line":11,"column":2},"end":{"line":13,"column":null}},{"start":{"line":11,"column":2},"end":{"line":13,"column":null}}]},"1":{"loc":{"start":{"line":15,"column":2},"end":{"line":17,"column":null}},"type":"if","locations":[{"start":{"line":15,"column":2},"end":{"line":17,"column":null}},{"start":{"line":15,"column":2},"end":{"line":17,"column":null}}]},"2":{"loc":{"start":{"line":28,"column":13},"end":{"line":28,"column":14}},"type":"cond-expr","locations":[{"start":{"line":28,"column":13},"end":{"line":28,"column":14}},{"start":{"line":28,"column":65},"end":{"line":28,"column":null}}]},"3":{"loc":{"start":{"line":30,"column":18},"end":{"line":30,"column":19}},"type":"cond-expr","locations":[{"start":{"line":30,"column":18},"end":{"line":30,"column":19}},{"start":{"line":30,"column":66},"end":{"line":30,"column":null}}]}},"s":{"0":1,"1":1,"2":1,"3":1,"4":1,"5":1,"6":1,"7":0,"8":0,"9":0,"10":0,"11":0,"12":0,"13":0,"14":0,"15":0,"16":0,"17":0},"f":{"0":0,"1":0,"2":0},"b":{"0":[0,0],"1":[0,0],"2":[0,0],"3":[0,0]}}
,"/Users/adnan/Desktop/plugin-material-ui/src/components/RadioGroup/index.ts": {"path":"/Users/adnan/Desktop/plugin-material-ui/src/components/RadioGroup/index.ts","statementMap":{"0":{"start":{"line":1,"column":0},"end":{"line":1,"column":null}}},"fnMap":{},"branchMap":{},"s":{"0":1},"f":{},"b":{}}
,"/Users/adnan/Desktop/plugin-material-ui/src/components/Slider/Slider.tsx": {"path":"/Users/adnan/Desktop/plugin-material-ui/src/components/Slider/Slider.tsx","statementMap":{"0":{"start":{"line":1,"column":0},"end":{"line":1,"column":null}},"1":{"start":{"line":2,"column":0},"end":{"line":2,"column":null}},"2":{"start":{"line":3,"column":0},"end":{"line":3,"column":null}},"3":{"start":{"line":4,"column":0},"end":{"line":4,"column":null}},"4":{"start":{"line":5,"column":0},"end":{"line":5,"column":null}},"5":{"start":{"line":6,"column":0},"end":{"line":6,"column":null}},"6":{"start":{"line":8,"column":0},"end":{"line":8,"column":null}},"7":{"start":{"line":10,"column":15},"end":{"line":10,"column":16}},"8":{"start":{"line":19,"column":13},"end":{"line":19,"column":22}},"9":{"start":{"line":24,"column":11},"end":{"line":24,"column":24}},"10":{"start":{"line":24,"column":11},"end":{"line":24,"column":49}},"11":{"start":{"line":24,"column":11},"end":{"line":24,"column":14}},"12":{"start":{"line":25,"column":2},"end":{"line":27,"column":null}},"13":{"start":{"line":26,"column":3},"end":{"line":26,"column":11}},"14":{"start":{"line":29,"column":2},"end":{"line":31,"column":null}},"15":{"start":{"line":30,"column":3},"end":{"line":30,"column":16}},"16":{"start":{"line":46,"column":6},"end":{"line":39,"column":null}},"17":{"start":{"line":46,"column":6},"end":{"line":40,"column":null}},"18":{"start":{"line":46,"column":6},"end":{"line":41,"column":null}},"19":{"start":{"line":46,"column":6},"end":{"line":42,"column":null}},"20":{"start":{"line":46,"column":6},"end":{"line":43,"column":null}},"21":{"start":{"line":46,"column":6},"end":{"line":44,"column":null}},"22":{"start":{"line":45,"column":3},"end":{"line":45,"column":null}},"23":{"start":{"line":48,"column":27},"end":{"line":48,"column":null}},"24":{"start":{"line":53,"column":2},"end":{"line":53,"column":null}}},"fnMap":{"0":{"name":"styles","decl":{"start":{"line":10,"column":6},"end":{"line":10,"column":12}},"loc":{"start":{"line":10,"column":15},"end":{"line":10,"column":16}}},"1":{"name":"onChange","decl":{"start":{"line":24,"column":11},"end":{"line":24,"column":14}},"loc":{"start":{"line":24,"column":11},"end":{"line":24,"column":14}}},"2":{"name":"(anonymous_2)","decl":{"start":{"line":24,"column":49},"end":{"line":24,"column":50}},"loc":{"start":{"line":24,"column":80},"end":{"line":32,"column":null}}},"3":{"name":"render","decl":{"start":{"line":34,"column":3},"end":{"line":34,"column":null}},"loc":{"start":{"line":37,"column":37},"end":{"line":60,"column":null}}}},"branchMap":{"0":{"loc":{"start":{"line":25,"column":2},"end":{"line":27,"column":null}},"type":"if","locations":[{"start":{"line":25,"column":2},"end":{"line":27,"column":null}},{"start":{"line":25,"column":2},"end":{"line":27,"column":null}}]},"1":{"loc":{"start":{"line":29,"column":2},"end":{"line":31,"column":null}},"type":"if","locations":[{"start":{"line":29,"column":2},"end":{"line":31,"column":null}},{"start":{"line":29,"column":2},"end":{"line":31,"column":null}}]},"2":{"loc":{"start":{"line":55,"column":13},"end":{"line":55,"column":14}},"type":"cond-expr","locations":[{"start":{"line":55,"column":13},"end":{"line":55,"column":14}},{"start":{"line":55,"column":85},"end":{"line":55,"column":null}}]},"3":{"loc":{"start":{"line":57,"column":18},"end":{"line":57,"column":19}},"type":"cond-expr","locations":[{"start":{"line":57,"column":18},"end":{"line":57,"column":19}},{"start":{"line":57,"column":97},"end":{"line":57,"column":null}}]}},"s":{"0":1,"1":1,"2":1,"3":1,"4":1,"5":1,"6":1,"7":1,"8":1,"9":0,"10":0,"11":0,"12":0,"13":0,"14":0,"15":0,"16":0,"17":0,"18":0,"19":0,"20":0,"21":0,"22":0,"23":0,"24":0},"f":{"0":0,"1":0,"2":0,"3":0},"b":{"0":[0,0],"1":[0,0],"2":[0,0],"3":[0,0]}}
,"/Users/adnan/Desktop/plugin-material-ui/src/components/Slider/index.ts": {"path":"/Users/adnan/Desktop/plugin-material-ui/src/components/Slider/index.ts","statementMap":{"0":{"start":{"line":1,"column":0},"end":{"line":1,"column":null}}},"fnMap":{},"branchMap":{},"s":{"0":1},"f":{},"b":{}}
,"/Users/adnan/Desktop/plugin-material-ui/src/components/Switch/Switch.tsx": {"path":"/Users/adnan/Desktop/plugin-material-ui/src/components/Switch/Switch.tsx","statementMap":{"0":{"start":{"line":1,"column":0},"end":{"line":1,"column":null}},"1":{"start":{"line":2,"column":0},"end":{"line":2,"column":null}},"2":{"start":{"line":3,"column":0},"end":{"line":3,"column":null}},"3":{"start":{"line":5,"column":0},"end":{"line":5,"column":null}},"4":{"start":{"line":6,"column":0},"end":{"line":6,"column":null}},"5":{"start":{"line":7,"column":0},"end":{"line":7,"column":null}},"6":{"start":{"line":11,"column":12},"end":{"line":11,"column":null}},"7":{"start":{"line":13,"column":35},"end":{"line":13,"column":34}},"8":{"start":{"line":14,"column":2},"end":{"line":16,"column":null}},"9":{"start":{"line":15,"column":3},"end":{"line":15,"column":10}},"10":{"start":{"line":18,"column":2},"end":{"line":18,"column":null}},"11":{"start":{"line":21,"column":11},"end":{"line":21,"column":24}},"12":{"start":{"line":21,"column":11},"end":{"line":21,"column":49}},"13":{"start":{"line":21,"column":11},"end":{"line":21,"column":14}},"14":{"start":{"line":22,"column":2},"end":{"line":24,"column":null}},"15":{"start":{"line":23,"column":3},"end":{"line":23,"column":11}},"16":{"start":{"line":26,"column":2},"end":{"line":28,"column":null}},"17":{"start":{"line":27,"column":3},"end":{"line":27,"column":16}},"18":{"start":{"line":33,"column":13},"end":{"line":33,"column":22}},"19":{"start":{"line":35,"column":18},"end":{"line":35,"column":31}},"20":{"start":{"line":37,"column":55},"end":{"line":37,"column":16}},"21":{"start":{"line":37,"column":55},"end":{"line":37,"column":32}},"22":{"start":{"line":37,"column":55},"end":{"line":37,"column":41}},"23":{"start":{"line":37,"column":41},"end":{"line":37,"column":55}},"24":{"start":{"line":39,"column":1},"end":{"line":41,"column":null}},"25":{"start":{"line":40,"column":2},"end":{"line":40,"column":9}},"26":{"start":{"line":44,"column":2},"end":{"line":44,"column":3}},"27":{"start":{"line":50,"column":1},"end":{"line":52,"column":null}},"28":{"start":{"line":51,"column":2},"end":{"line":51,"column":9}},"29":{"start":{"line":54,"column":1},"end":{"line":54,"column":null}}},"fnMap":{"0":{"name":"color","decl":{"start":{"line":13,"column":8},"end":{"line":13,"column":11}},"loc":{"start":{"line":13,"column":35},"end":{"line":19,"column":null}}},"1":{"name":"onChange","decl":{"start":{"line":21,"column":11},"end":{"line":21,"column":14}},"loc":{"start":{"line":21,"column":11},"end":{"line":21,"column":14}}},"2":{"name":"(anonymous_2)","decl":{"start":{"line":21,"column":49},"end":{"line":21,"column":50}},"loc":{"start":{"line":21,"column":83},"end":{"line":29,"column":null}}},"3":{"name":"(anonymous_3)","decl":{"start":{"line":33,"column":46},"end":{"line":33,"column":47}},"loc":{"start":{"line":33,"column":69},"end":{"line":62,"column":null}}}},"branchMap":{"0":{"loc":{"start":{"line":14,"column":2},"end":{"line":16,"column":null}},"type":"if","locations":[{"start":{"line":14,"column":2},"end":{"line":16,"column":null}},{"start":{"line":14,"column":2},"end":{"line":16,"column":null}}]},"1":{"loc":{"start":{"line":14,"column":6},"end":{"line":14,"column":29}},"type":"binary-expr","locations":[{"start":{"line":14,"column":6},"end":{"line":14,"column":29}},{"start":{"line":14,"column":29},"end":{"line":14,"column":54}},{"start":{"line":14,"column":54},"end":{"line":14,"column":75}}]},"2":{"loc":{"start":{"line":22,"column":2},"end":{"line":24,"column":null}},"type":"if","locations":[{"start":{"line":22,"column":2},"end":{"line":24,"column":null}},{"start":{"line":22,"column":2},"end":{"line":24,"column":null}}]},"3":{"loc":{"start":{"line":26,"column":2},"end":{"line":28,"column":null}},"type":"if","locations":[{"start":{"line":26,"column":2},"end":{"line":28,"column":null}},{"start":{"line":26,"column":2},"end":{"line":28,"column":null}}]},"4":{"loc":{"start":{"line":39,"column":1},"end":{"line":41,"column":null}},"type":"if","locations":[{"start":{"line":39,"column":1},"end":{"line":41,"column":null}},{"start":{"line":39,"column":1},"end":{"line":41,"column":null}}]},"5":{"loc":{"start":{"line":50,"column":1},"end":{"line":52,"column":null}},"type":"if","locations":[{"start":{"line":50,"column":1},"end":{"line":52,"column":null}},{"start":{"line":50,"column":1},"end":{"line":52,"column":null}}]}},"s":{"0":1,"1":1,"2":1,"3":1,"4":1,"5":1,"6":1,"7":0,"8":0,"9":0,"10":0,"11":0,"12":0,"13":0,"14":0,"15":0,"16":0,"17":0,"18":1,"19":0,"20":0,"21":0,"22":0,"23":0,"24":0,"25":0,"26":0,"27":0,"28":0,"29":0},"f":{"0":0,"1":0,"2":0,"3":0},"b":{"0":[0,0],"1":[0,0,0],"2":[0,0],"3":[0,0],"4":[0,0],"5":[0,0]}}
,"/Users/adnan/Desktop/plugin-material-ui/src/components/Switch/index.ts": {"path":"/Users/adnan/Desktop/plugin-material-ui/src/components/Switch/index.ts","statementMap":{"0":{"start":{"line":1,"column":0},"end":{"line":1,"column":null}}},"fnMap":{},"branchMap":{},"s":{"0":1},"f":{},"b":{}}
,"/Users/adnan/Desktop/plugin-material-ui/src/components/Switch/styles.ts": {"path":"/Users/adnan/Desktop/plugin-material-ui/src/components/Switch/styles.ts","statementMap":{"0":{"start":{"line":4,"column":13},"end":{"line":4,"column":22}},"1":{"start":{"line":4,"column":63},"end":{"line":4,"column":47}},"2":{"start":{"line":6,"column":1},"end":{"line":8,"column":null}},"3":{"start":{"line":7,"column":2},"end":{"line":7,"column":9}},"4":{"start":{"line":11,"column":1},"end":{"line":13,"column":null}},"5":{"start":{"line":12,"column":2},"end":{"line":12,"column":9}},"6":{"start":{"line":15,"column":1},"end":{"line":15,"column":8}}},"fnMap":{"0":{"name":"(anonymous_0)","decl":{"start":{"line":4,"column":22},"end":{"line":4,"column":25}},"loc":{"start":{"line":4,"column":63},"end":{"line":51,"column":null}}}},"branchMap":{"0":{"loc":{"start":{"line":6,"column":1},"end":{"line":8,"column":null}},"type":"if","locations":[{"start":{"line":6,"column":1},"end":{"line":8,"column":null}},{"start":{"line":6,"column":1},"end":{"line":8,"column":null}}]},"1":{"loc":{"start":{"line":6,"column":5},"end":{"line":6,"column":28}},"type":"binary-expr","locations":[{"start":{"line":6,"column":5},"end":{"line":6,"column":28}},{"start":{"line":6,"column":28},"end":{"line":6,"column":53}},{"start":{"line":6,"column":53},"end":{"line":6,"column":74}}]},"2":{"loc":{"start":{"line":11,"column":1},"end":{"line":13,"column":null}},"type":"if","locations":[{"start":{"line":11,"column":1},"end":{"line":13,"column":null}},{"start":{"line":11,"column":1},"end":{"line":13,"column":null}}]},"3":{"loc":{"start":{"line":33,"column":46},"end":{"line":33,"column":53}},"type":"cond-expr","locations":[{"start":{"line":33,"column":46},"end":{"line":33,"column":53}},{"start":{"line":33,"column":53},"end":{"line":33,"column":null}}]},"4":{"loc":{"start":{"line":40,"column":44},"end":{"line":40,"column":49}},"type":"cond-expr","locations":[{"start":{"line":40,"column":44},"end":{"line":40,"column":49}},{"start":{"line":40,"column":70},"end":{"line":40,"column":75}}]},"5":{"loc":{"start":{"line":45,"column":9},"end":{"line":45,"column":null}},"type":"cond-expr","locations":[{"start":{"line":45,"column":9},"end":{"line":45,"column":null}},{"start":{"line":46,"column":9},"end":{"line":46,"column":null}}]}},"s":{"0":1,"1":0,"2":0,"3":0,"4":0,"5":0,"6":0},"f":{"0":0},"b":{"0":[0,0],"1":[0,0,0],"2":[0,0],"3":[0,0],"4":[0,0],"5":[0,0]}}
,"/Users/adnan/Desktop/plugin-material-ui/src/components/Tab/Tab.tsx": {"path":"/Users/adnan/Desktop/plugin-material-ui/src/components/Tab/Tab.tsx","statementMap":{"0":{"start":{"line":1,"column":0},"end":{"line":1,"column":null}},"1":{"start":{"line":2,"column":0},"end":{"line":2,"column":null}},"2":{"start":{"line":3,"column":0},"end":{"line":3,"column":null}},"3":{"start":{"line":4,"column":0},"end":{"line":4,"column":null}},"4":{"start":{"line":6,"column":13},"end":{"line":6,"column":19}},"5":{"start":{"line":7,"column":7},"end":{"line":7,"column":21}},"6":{"start":{"line":7,"column":7},"end":{"line":7,"column":10}}},"fnMap":{"0":{"name":"icon","decl":{"start":{"line":7,"column":7},"end":{"line":7,"column":10}},"loc":{"start":{"line":7,"column":7},"end":{"line":7,"column":10}}}},"branchMap":{"0":{"loc":{"start":{"line":7,"column":28},"end":{"line":7,"column":34}},"type":"cond-expr","locations":[{"start":{"line":7,"column":28},"end":{"line":7,"column":34}},{"start":{"line":7,"column":69},"end":{"line":7,"column":null}}]}},"s":{"0":1,"1":1,"2":1,"3":1,"4":1,"5":0,"6":0},"f":{"0":0},"b":{"0":[0,0]}}
,"/Users/adnan/Desktop/plugin-material-ui/src/components/Tab/index.ts": {"path":"/Users/adnan/Desktop/plugin-material-ui/src/components/Tab/index.ts","statementMap":{"0":{"start":{"line":1,"column":0},"end":{"line":1,"column":null}}},"fnMap":{},"branchMap":{},"s":{"0":1},"f":{},"b":{}}
,"/Users/adnan/Desktop/plugin-material-ui/src/components/Tabs/Tabs.tsx": {"path":"/Users/adnan/Desktop/plugin-material-ui/src/components/Tabs/Tabs.tsx","statementMap":{"0":{"start":{"line":1,"column":0},"end":{"line":1,"column":7}},"1":{"start":{"line":4,"column":1},"end":{"line":4,"column":null}}},"fnMap":{},"branchMap":{},"s":{"0":1,"1":1},"f":{},"b":{}}
,"/Users/adnan/Desktop/plugin-material-ui/src/components/Tabs/index.ts": {"path":"/Users/adnan/Desktop/plugin-material-ui/src/components/Tabs/index.ts","statementMap":{"0":{"start":{"line":1,"column":0},"end":{"line":1,"column":null}}},"fnMap":{},"branchMap":{},"s":{"0":1},"f":{},"b":{}}
,"/Users/adnan/Desktop/plugin-material-ui/src/components/TextInput/TextInput.tsx": {"path":"/Users/adnan/Desktop/plugin-material-ui/src/components/TextInput/TextInput.tsx","statementMap":{"0":{"start":{"line":1,"column":0},"end":{"line":1,"column":null}},"1":{"start":{"line":2,"column":0},"end":{"line":2,"column":null}},"2":{"start":{"line":3,"column":0},"end":{"line":3,"column":null}},"3":{"start":{"line":5,"column":13},"end":{"line":5,"column":25}},"4":{"start":{"line":7,"column":14},"end":{"line":7,"column":51}},"5":{"start":{"line":7,"column":14},"end":{"line":7,"column":17}},"6":{"start":{"line":8,"column":13},"end":{"line":8,"column":28}},"7":{"start":{"line":8,"column":13},"end":{"line":8,"column":null}},"8":{"start":{"line":8,"column":13},"end":{"line":8,"column":16}},"9":{"start":{"line":11,"column":11},"end":{"line":11,"column":24}},"10":{"start":{"line":11,"column":11},"end":{"line":11,"column":null}},"11":{"start":{"line":11,"column":11},"end":{"line":11,"column":14}},"12":{"start":{"line":14,"column":11},"end":{"line":14,"column":24}},"13":{"start":{"line":14,"column":11},"end":{"line":14,"column":59}},"14":{"start":{"line":14,"column":11},"end":{"line":14,"column":14}},"15":{"start":{"line":16,"column":2},"end":{"line":18,"column":null}},"16":{"start":{"line":17,"column":3},"end":{"line":17,"column":11}},"17":{"start":{"line":19,"column":2},"end":{"line":21,"column":null}},"18":{"start":{"line":20,"column":3},"end":{"line":20,"column":15}},"19":{"start":{"line":24,"column":67},"end":{"line":24,"column":24}},"20":{"start":{"line":24,"column":67},"end":{"line":24,"column":41}},"21":{"start":{"line":24,"column":67},"end":{"line":24,"column":66}},"22":{"start":{"line":26,"column":2},"end":{"line":28,"column":null}},"23":{"start":{"line":27,"column":3},"end":{"line":27,"column":10}},"24":{"start":{"line":30,"column":2},"end":{"line":32,"column":null}},"25":{"start":{"line":31,"column":3},"end":{"line":31,"column":10}},"26":{"start":{"line":34,"column":2},"end":{"line":34,"column":10}},"27":{"start":{"line":36,"column":4},"end":{"line":36,"column":11}},"28":{"start":{"line":39,"column":4},"end":{"line":39,"column":11}},"29":{"start":{"line":41,"column":4},"end":{"line":41,"column":11}},"30":{"start":{"line":44,"column":4},"end":{"line":44,"column":11}},"31":{"start":{"line":46,"column":4},"end":{"line":46,"column":11}},"32":{"start":{"line":49,"column":4},"end":{"line":49,"column":11}}},"fnMap":{"0":{"name":"autoCorrect","decl":{"start":{"line":7,"column":14},"end":{"line":7,"column":17}},"loc":{"start":{"line":7,"column":14},"end":{"line":7,"column":17}}},"1":{"name":"spellCheck","decl":{"start":{"line":8,"column":13},"end":{"line":8,"column":16}},"loc":{"start":{"line":8,"column":13},"end":{"line":8,"column":16}}},"2":{"name":"disabled","decl":{"start":{"line":11,"column":11},"end":{"line":11,"column":14}},"loc":{"start":{"line":11,"column":11},"end":{"line":11,"column":14}}},"3":{"name":"onChange","decl":{"start":{"line":14,"column":11},"end":{"line":14,"column":14}},"loc":{"start":{"line":14,"column":11},"end":{"line":14,"column":14}}},"4":{"name":"(anonymous_4)","decl":{"start":{"line":14,"column":59},"end":{"line":14,"column":60}},"loc":{"start":{"line":14,"column":74},"end":{"line":22,"column":null}}},"5":{"name":"type","decl":{"start":{"line":24,"column":7},"end":{"line":24,"column":10}},"loc":{"start":{"line":24,"column":67},"end":{"line":51,"column":null}}}},"branchMap":{"0":{"loc":{"start":{"line":7,"column":65},"end":{"line":7,"column":72}},"type":"cond-expr","locations":[{"start":{"line":7,"column":65},"end":{"line":7,"column":72}},{"start":{"line":7,"column":72},"end":{"line":7,"column":null}}]},"1":{"loc":{"start":{"line":9,"column":29},"end":{"line":9,"column":42}},"type":"cond-expr","locations":[{"start":{"line":9,"column":29},"end":{"line":9,"column":42}},{"start":{"line":9,"column":42},"end":{"line":9,"column":null}}]},"2":{"loc":{"start":{"line":12,"column":27},"end":{"line":12,"column":38}},"type":"cond-expr","locations":[{"start":{"line":12,"column":27},"end":{"line":12,"column":38}},{"start":{"line":12,"column":38},"end":{"line":12,"column":null}}]},"3":{"loc":{"start":{"line":16,"column":2},"end":{"line":18,"column":null}},"type":"if","locations":[{"start":{"line":16,"column":2},"end":{"line":18,"column":null}},{"start":{"line":16,"column":2},"end":{"line":18,"column":null}}]},"4":{"loc":{"start":{"line":19,"column":2},"end":{"line":21,"column":null}},"type":"if","locations":[{"start":{"line":19,"column":2},"end":{"line":21,"column":null}},{"start":{"line":19,"column":2},"end":{"line":21,"column":null}}]},"5":{"loc":{"start":{"line":19,"column":6},"end":{"line":19,"column":18}},"type":"binary-expr","locations":[{"start":{"line":19,"column":6},"end":{"line":19,"column":18}},{"start":{"line":19,"column":22},"end":{"line":19,"column":31}},{"start":{"line":19,"column":31},"end":{"line":19,"column":45}}]},"6":{"loc":{"start":{"line":26,"column":2},"end":{"line":28,"column":null}},"type":"if","locations":[{"start":{"line":26,"column":2},"end":{"line":28,"column":null}},{"start":{"line":26,"column":2},"end":{"line":28,"column":null}}]},"7":{"loc":{"start":{"line":30,"column":2},"end":{"line":32,"column":null}},"type":"if","locations":[{"start":{"line":30,"column":2},"end":{"line":32,"column":null}},{"start":{"line":30,"column":2},"end":{"line":32,"column":null}}]},"8":{"loc":{"start":{"line":35,"column":3},"end":{"line":36,"column":11}},"type":"switch","locations":[{"start":{"line":35,"column":3},"end":{"line":36,"column":11}},{"start":{"line":37,"column":3},"end":{"line":37,"column":8}},{"start":{"line":38,"column":3},"end":{"line":39,"column":11}},{"start":{"line":40,"column":3},"end":{"line":41,"column":11}},{"start":{"line":42,"column":3},"end":{"line":42,"column":8}},{"start":{"line":43,"column":3},"end":{"line":44,"column":11}},{"start":{"line":45,"column":3},"end":{"line":46,"column":11}},{"start":{"line":48,"column":3},"end":{"line":49,"column":11}}]}},"s":{"0":1,"1":1,"2":1,"3":1,"4":0,"5":0,"6":0,"7":0,"8":0,"9":0,"10":0,"11":0,"12":0,"13":0,"14":0,"15":0,"16":0,"17":0,"18":0,"19":0,"20":0,"21":0,"22":0,"23":0,"24":0,"25":0,"26":0,"27":0,"28":0,"29":0,"30":0,"31":0,"32":0},"f":{"0":0,"1":0,"2":0,"3":0,"4":0,"5":0},"b":{"0":[0,0],"1":[0,0],"2":[0,0],"3":[0,0],"4":[0,0],"5":[0,0,0],"6":[0,0],"7":[0,0],"8":[0,0,0,0,0,0,0,0]}}
,"/Users/adnan/Desktop/plugin-material-ui/src/components/TextInput/index.ts": {"path":"/Users/adnan/Desktop/plugin-material-ui/src/components/TextInput/index.ts","statementMap":{"0":{"start":{"line":1,"column":0},"end":{"line":1,"column":null}}},"fnMap":{},"branchMap":{},"s":{"0":1},"f":{},"b":{}}
}
