TN:
SF:/Users/adnan/Desktop/plugin-material-ui/src/index.ts
FN:58,bluebaseBootEnd
FNF:1
FNH:1
FNDA:4,bluebaseBootEnd
DA:1,1
DA:2,1
DA:3,1
DA:4,1
DA:5,1
DA:6,1
DA:7,1
DA:8,1
DA:9,1
DA:10,1
DA:11,1
DA:12,1
DA:13,1
DA:14,1
DA:15,1
DA:16,1
DA:17,1
DA:18,1
DA:19,1
DA:20,1
DA:21,1
DA:22,1
DA:23,1
DA:25,1
DA:59,4
DA:60,4
LF:26
LH:26
BRF:0
BRH:0
end_of_record
TN:
SF:/Users/adnan/Desktop/plugin-material-ui/src/withPropsStyles.tsx
FN:7,(anonymous_0)
FN:9,withPropsStylesInternal
FN:11,(anonymous_2)
FN:13,proxy
FNF:4
FNH:2
FNDA:4,(anonymous_0)
FNDA:4,withPropsStylesInternal
FNDA:0,(anonymous_2)
FNDA:0,proxy
DA:1,1
DA:2,1
DA:4,1
DA:7,1
DA:9,4
DA:11,4
DA:13,0
DA:15,0
DA:17,0
DA:21,4
LF:10
LH:7
BRF:0
BRH:0
end_of_record
TN:
SF:/Users/adnan/Desktop/plugin-material-ui/src/withTheme.tsx
FN:5,(anonymous_0)
FN:7,(anonymous_1)
FN:16,(anonymous_4)
FNF:3
FNH:3
FNDA:4,(anonymous_0)
FNDA:12,(anonymous_1)
FNDA:4,(anonymous_4)
DA:1,1
DA:2,1
DA:3,1
DA:5,1
DA:7,24
DA:10,4
DA:12,4
DA:14,4
DA:16,4
DA:18,4
DA:34,4
LF:11
LH:11
BRDA:19,0,0,0
BRDA:19,0,1,4
BRF:2
BRH:1
end_of_record
TN:
SF:/Users/adnan/Desktop/plugin-material-ui/src/components/Avatar/Avatar.tsx
FN:7,(anonymous_0)
FNF:1
FNH:1
FNDA:4,(anonymous_0)
DA:2,1
DA:4,1
DA:5,1
DA:7,1
DA:9,4
DA:10,4
DA:11,1
DA:17,3
DA:18,2
DA:19,2
DA:20,2
DA:27,1
DA:35,1
LF:13
LH:13
BRDA:10,0,0,1
BRDA:10,0,1,3
BRDA:17,1,0,2
BRDA:17,1,1,1
BRDA:19,2,0,1
BRDA:19,2,1,1
BRDA:19,3,0,2
BRDA:19,3,1,2
BRF:8
BRH:8
end_of_record
TN:
SF:/Users/adnan/Desktop/plugin-material-ui/src/components/Avatar/index.ts
FNF:0
FNH:0
DA:1,1
LF:1
LH:1
BRF:0
BRH:0
end_of_record
TN:
SF:/Users/adnan/Desktop/plugin-material-ui/src/components/BottomNavigation/BottomNavigation.tsx
FNF:0
FNH:0
DA:1,1
DA:4,1
LF:2
LH:2
BRF:0
BRH:0
end_of_record
TN:
SF:/Users/adnan/Desktop/plugin-material-ui/src/components/BottomNavigation/index.ts
FNF:0
FNH:0
DA:1,1
LF:1
LH:1
BRF:0
BRH:0
end_of_record
TN:
SF:/Users/adnan/Desktop/plugin-material-ui/src/components/BottomNavigationAction/BottomNavigationAction.tsx
FN:7,icon
FNF:1
FNH:0
FNDA:0,icon
DA:1,1
DA:2,1
DA:3,1
DA:4,1
DA:6,1
DA:7,0
LF:6
LH:5
BRDA:7,0,0,0
BRDA:7,0,1,0
BRF:2
BRH:0
end_of_record
TN:
SF:/Users/adnan/Desktop/plugin-material-ui/src/components/BottomNavigationAction/index.ts
FNF:0
FNH:0
DA:1,1
LF:1
LH:1
BRF:0
BRH:0
end_of_record
TN:
SF:/Users/adnan/Desktop/plugin-material-ui/src/components/Button/Button.tsx
FN:6,children
FNF:1
FNH:0
FNDA:0,children
DA:1,1
DA:2,1
DA:3,1
DA:5,1
DA:6,0
DA:10,1
LF:6
LH:5
BRDA:6,0,0,0
BRDA:6,0,1,0
BRF:2
BRH:0
end_of_record
TN:
SF:/Users/adnan/Desktop/plugin-material-ui/src/components/Button/index.ts
FNF:0
FNH:0
DA:1,1
LF:1
LH:1
BRF:0
BRH:0
end_of_record
TN:
SF:/Users/adnan/Desktop/plugin-material-ui/src/components/Checkbox/Checkbox.tsx
FN:8,styles
FN:39,color
FN:47,onChange
FN:47,(anonymous_3)
FN:59,(anonymous_4)
FNF:5
FNH:0
FNDA:0,styles
FNDA:0,color
FNDA:0,onChange
FNDA:0,(anonymous_3)
FNDA:0,(anonymous_4)
DA:2,1
DA:3,1
DA:4,1
DA:5,1
DA:6,1
DA:8,1
DA:11,0
DA:12,0
DA:16,0
DA:17,0
DA:20,0
DA:37,1
DA:39,0
DA:40,0
DA:41,0
DA:44,0
DA:47,0
DA:48,0
DA:49,0
DA:52,0
DA:53,0
DA:59,1
DA:61,0
DA:63,0
DA:65,0
DA:66,0
DA:70,0
DA:77,0
DA:78,0
DA:81,0
LF:30
LH:8
BRDA:11,0,0,0
BRDA:11,0,1,0
BRDA:11,1,0,0
BRDA:11,1,1,0
BRDA:11,1,2,0
BRDA:16,2,0,0
BRDA:16,2,1,0
BRDA:40,3,0,0
BRDA:40,3,1,0
BRDA:40,4,0,0
BRDA:40,4,1,0
BRDA:40,4,2,0
BRDA:48,5,0,0
BRDA:48,5,1,0
BRDA:52,6,0,0
BRDA:52,6,1,0
BRDA:65,7,0,0
BRDA:65,7,1,0
BRDA:77,8,0,0
BRDA:77,8,1,0
BRF:20
BRH:0
end_of_record
TN:
SF:/Users/adnan/Desktop/plugin-material-ui/src/components/Checkbox/index.ts
FNF:0
FNH:0
DA:1,1
LF:1
LH:1
BRF:0
BRH:0
end_of_record
TN:
SF:/Users/adnan/Desktop/plugin-material-ui/src/components/Divider/Divider.tsx
FN:8,variant
FNF:1
FNH:0
FNDA:0,variant
DA:2,1
DA:3,1
DA:5,1
DA:8,0
LF:4
LH:3
BRDA:8,0,0,0
BRDA:8,0,1,0
BRF:2
BRH:0
end_of_record
TN:
SF:/Users/adnan/Desktop/plugin-material-ui/src/components/Divider/index.ts
FNF:0
FNH:0
DA:1,1
LF:1
LH:1
BRF:0
BRH:0
end_of_record
TN:
SF:/Users/adnan/Desktop/plugin-material-ui/src/components/DrawerItem/DrawerItem.tsx
FN:8,(anonymous_0)
FNF:1
FNH:0
FNDA:0,(anonymous_0)
DA:2,1
DA:3,1
DA:4,1
DA:5,1
DA:6,1
DA:8,1
DA:10,0
DA:11,0
DA:13,0
LF:9
LH:6
BRDA:15,0,0,0
BRDA:15,0,1,0
BRDA:16,1,0,0
BRDA:16,1,1,0
BRF:4
BRH:0
end_of_record
TN:
SF:/Users/adnan/Desktop/plugin-material-ui/src/components/DrawerItem/index.ts
FNF:0
FNH:0
DA:1,1
LF:1
LH:1
BRF:0
BRH:0
end_of_record
TN:
SF:/Users/adnan/Desktop/plugin-material-ui/src/components/DrawerLayout/DrawerContext.ts
FN:8,(anonymous_0)
FNF:1
FNH:0
FNDA:0,(anonymous_0)
DA:2,1
DA:4,1
DA:8,1
LF:3
LH:3
BRF:0
BRH:0
end_of_record
TN:
SF:/Users/adnan/Desktop/plugin-material-ui/src/components/DrawerLayout/DrawerLayout.tsx
FN:14,DrawerLayoutComponent
FN:19,closeDrawer
FN:21,openDrawer
FN:22,toggleDrawer
FN:44,onBackdropClick
FN:69,styles
FNF:6
FNH:0
FNDA:0,DrawerLayoutComponent
FNDA:0,closeDrawer
FNDA:0,openDrawer
FNDA:0,toggleDrawer
FNDA:0,onBackdropClick
FNDA:0,styles
DA:1,1
DA:2,1
DA:3,1
DA:4,1
DA:6,1
DA:14,1
DA:16,1
DA:18,0
DA:19,0
DA:21,0
DA:22,0
DA:25,0
DA:36,0
DA:39,0
DA:44,0
DA:51,0
DA:56,0
DA:69,1
DA:95,1
LF:19
LH:9
BRDA:20,0,0,0
BRDA:20,0,1,0
BRDA:41,1,0,0
BRDA:41,1,1,0
BRDA:48,2,0,0
BRDA:48,2,1,0
BRDA:52,3,0,0
BRDA:52,3,1,0
BRDA:52,4,0,0
BRDA:52,4,1,0
BRF:10
BRH:0
end_of_record
TN:
SF:/Users/adnan/Desktop/plugin-material-ui/src/components/DrawerLayout/index.ts
FNF:0
FNH:0
DA:1,1
DA:2,1
LF:2
LH:2
BRF:0
BRH:0
end_of_record
TN:
SF:/Users/adnan/Desktop/plugin-material-ui/src/components/DrawerSection/DrawerSection.tsx
FN:9,subheader
FNF:1
FNH:0
FNDA:0,subheader
DA:2,1
DA:3,1
DA:4,1
DA:5,1
DA:7,1
DA:9,0
LF:6
LH:5
BRDA:9,0,0,0
BRDA:9,0,1,0
BRF:2
BRH:0
end_of_record
TN:
SF:/Users/adnan/Desktop/plugin-material-ui/src/components/DrawerSection/index.ts
FNF:0
FNH:0
DA:1,1
LF:1
LH:1
BRF:0
BRH:0
end_of_record
TN:
SF:/Users/adnan/Desktop/plugin-material-ui/src/components/ListItem/ListItem.tsx
FN:6,(anonymous_0)
FNF:1
FNH:0
FNDA:0,(anonymous_0)
DA:2,1
DA:3,1
DA:4,1
DA:6,1
DA:8,0
DA:10,0
LF:6
LH:4
BRDA:13,0,0,0
BRDA:13,0,1,0
BRDA:13,1,0,0
BRDA:13,1,1,0
BRF:4
BRH:0
end_of_record
TN:
SF:/Users/adnan/Desktop/plugin-material-ui/src/components/ListItem/index.ts
FNF:0
FNH:0
DA:1,1
LF:1
LH:1
BRF:0
BRH:0
end_of_record
TN:
SF:/Users/adnan/Desktop/plugin-material-ui/src/components/ListSection/ListSection.tsx
FNF:0
FNH:0
DA:1,1
DA:5,1
DA:7,1
LF:3
LH:3
BRF:0
BRH:0
end_of_record
TN:
SF:/Users/adnan/Desktop/plugin-material-ui/src/components/ListSection/index.ts
FNF:0
FNH:0
DA:1,1
LF:1
LH:1
BRF:0
BRH:0
end_of_record
TN:
SF:/Users/adnan/Desktop/plugin-material-ui/src/components/ListSubheader/ListSubheader.tsx
FNF:0
FNH:0
DA:1,1
DA:3,1
LF:2
LH:2
BRF:0
BRH:0
end_of_record
TN:
SF:/Users/adnan/Desktop/plugin-material-ui/src/components/ListSubheader/index.ts
FNF:0
FNH:0
DA:1,1
LF:1
LH:1
BRF:0
BRH:0
end_of_record
TN:
SF:/Users/adnan/Desktop/plugin-material-ui/src/components/Picker/Picker.tsx
FN:13,displayEmpty
FN:14,native
FN:17,onChange
FN:17,(anonymous_3)
FN:29,(anonymous_4)
FNF:5
FNH:0
FNDA:0,displayEmpty
FNDA:0,native
FNDA:0,onChange
FNDA:0,(anonymous_3)
FNDA:0,(anonymous_4)
DA:1,1
DA:2,1
DA:3,1
DA:4,1
DA:5,1
DA:6,1
DA:7,1
DA:8,1
DA:9,1
DA:10,1
DA:12,1
DA:13,0
DA:14,0
DA:17,0
DA:18,0
DA:19,0
DA:22,0
DA:23,0
DA:29,1
DA:31,0
DA:53,0
DA:54,0
DA:56,0
DA:58,0
DA:59,0
DA:61,0
DA:62,0
DA:65,0
DA:73,0
DA:83,0
DA:95,1
LF:31
LH:13
BRDA:14,0,0,0
BRDA:14,0,1,0
BRDA:18,1,0,0
BRDA:18,1,1,0
BRDA:22,2,0,0
BRDA:22,2,1,0
BRDA:58,3,0,0
BRDA:58,3,1,0
BRDA:61,4,0,0
BRDA:61,4,1,0
BRDA:85,5,0,0
BRDA:85,5,1,0
BRDA:87,6,0,0
BRDA:87,6,1,0
BRDA:90,7,0,0
BRDA:90,7,1,0
BRF:16
BRH:0
end_of_record
TN:
SF:/Users/adnan/Desktop/plugin-material-ui/src/components/Picker/index.ts
FNF:0
FNH:0
DA:1,1
LF:1
LH:1
BRF:0
BRH:0
end_of_record
TN:
SF:/Users/adnan/Desktop/plugin-material-ui/src/components/PickerItem/PickerItem.tsx
FN:4,(anonymous_0)
FNF:1
FNH:0
FNDA:0,(anonymous_0)
DA:2,1
DA:4,1
LF:2
LH:2
BRF:0
BRH:0
end_of_record
TN:
SF:/Users/adnan/Desktop/plugin-material-ui/src/components/PickerItem/index.ts
FNF:0
FNH:0
DA:1,1
LF:1
LH:1
BRF:0
BRH:0
end_of_record
TN:
SF:/Users/adnan/Desktop/plugin-material-ui/src/components/Radio/Radio.tsx
FN:8,styles
FN:39,color
FN:47,onChange
FN:47,(anonymous_3)
FN:59,(anonymous_4)
FNF:5
FNH:0
FNDA:0,styles
FNDA:0,color
FNDA:0,onChange
FNDA:0,(anonymous_3)
FNDA:0,(anonymous_4)
DA:1,1
DA:2,1
DA:4,1
DA:5,1
DA:6,1
DA:8,1
DA:11,0
DA:12,0
DA:16,0
DA:17,0
DA:20,0
DA:37,1
DA:39,0
DA:40,0
DA:41,0
DA:44,0
DA:47,0
DA:48,0
DA:49,0
DA:52,0
DA:53,0
DA:59,1
DA:61,0
DA:63,0
DA:65,0
DA:66,0
DA:70,0
DA:76,0
DA:77,0
DA:80,0
LF:30
LH:8
BRDA:11,0,0,0
BRDA:11,0,1,0
BRDA:11,1,0,0
BRDA:11,1,1,0
BRDA:11,1,2,0
BRDA:16,2,0,0
BRDA:16,2,1,0
BRDA:40,3,0,0
BRDA:40,3,1,0
BRDA:40,4,0,0
BRDA:40,4,1,0
BRDA:40,4,2,0
BRDA:48,5,0,0
BRDA:48,5,1,0
BRDA:52,6,0,0
BRDA:52,6,1,0
BRDA:65,7,0,0
BRDA:65,7,1,0
BRDA:76,8,0,0
BRDA:76,8,1,0
BRF:20
BRH:0
end_of_record
TN:
SF:/Users/adnan/Desktop/plugin-material-ui/src/components/Radio/index.ts
FNF:0
FNH:0
DA:1,1
LF:1
LH:1
BRF:0
BRH:0
end_of_record
TN:
SF:/Users/adnan/Desktop/plugin-material-ui/src/components/RadioGroup/RadioGroup.tsx
FN:10,onChange
FN:10,(anonymous_1)
FN:19,render
FNF:3
FNH:0
FNDA:0,onChange
FNDA:0,(anonymous_1)
FNDA:0,render
DA:1,1
DA:2,1
DA:3,1
DA:4,1
DA:6,1
DA:7,1
DA:9,1
DA:10,0
DA:11,0
DA:12,0
DA:15,0
DA:16,0
DA:24,0
DA:26,0
LF:14
LH:7
BRDA:11,0,0,0
BRDA:11,0,1,0
BRDA:15,1,0,0
BRDA:15,1,1,0
BRDA:28,2,0,0
BRDA:28,2,1,0
BRDA:30,3,0,0
BRDA:30,3,1,0
BRF:8
BRH:0
end_of_record
TN:
SF:/Users/adnan/Desktop/plugin-material-ui/src/components/RadioGroup/index.ts
FNF:0
FNH:0
DA:1,1
LF:1
LH:1
BRF:0
BRH:0
end_of_record
TN:
SF:/Users/adnan/Desktop/plugin-material-ui/src/components/Slider/Slider.tsx
FN:10,styles
FN:24,onChange
FN:24,(anonymous_2)
FN:34,render
FNF:4
FNH:0
FNDA:0,styles
FNDA:0,onChange
FNDA:0,(anonymous_2)
FNDA:0,render
DA:1,1
DA:2,1
DA:3,1
DA:4,1
DA:5,1
DA:6,1
DA:8,1
DA:10,1
DA:19,1
DA:24,0
DA:25,0
DA:26,0
DA:29,0
DA:30,0
DA:45,0
DA:46,0
DA:48,0
DA:53,0
LF:18
LH:9
BRDA:25,0,0,0
BRDA:25,0,1,0
BRDA:29,1,0,0
BRDA:29,1,1,0
BRDA:55,2,0,0
BRDA:55,2,1,0
BRDA:57,3,0,0
BRDA:57,3,1,0
BRF:8
BRH:0
end_of_record
TN:
SF:/Users/adnan/Desktop/plugin-material-ui/src/components/Slider/index.ts
FNF:0
FNH:0
DA:1,1
LF:1
LH:1
BRF:0
BRH:0
end_of_record
TN:
SF:/Users/adnan/Desktop/plugin-material-ui/src/components/Switch/Switch.tsx
FN:13,color
FN:21,onChange
FN:21,(anonymous_2)
FN:33,(anonymous_3)
FNF:4
FNH:0
FNDA:0,color
FNDA:0,onChange
FNDA:0,(anonymous_2)
FNDA:0,(anonymous_3)
DA:1,1
DA:2,1
DA:3,1
DA:5,1
DA:6,1
DA:7,1
DA:11,1
DA:13,0
DA:14,0
DA:15,0
DA:18,0
DA:21,0
DA:22,0
DA:23,0
DA:26,0
DA:27,0
DA:33,1
DA:35,0
DA:37,0
DA:39,0
DA:40,0
DA:44,0
DA:50,0
DA:51,0
DA:54,0
LF:25
LH:8
BRDA:14,0,0,0
BRDA:14,0,1,0
BRDA:14,1,0,0
BRDA:14,1,1,0
BRDA:14,1,2,0
BRDA:22,2,0,0
BRDA:22,2,1,0
BRDA:26,3,0,0
BRDA:26,3,1,0
BRDA:39,4,0,0
BRDA:39,4,1,0
BRDA:50,5,0,0
BRDA:50,5,1,0
BRF:13
BRH:0
end_of_record
TN:
SF:/Users/adnan/Desktop/plugin-material-ui/src/components/Switch/index.ts
FNF:0
FNH:0
DA:1,1
LF:1
LH:1
BRF:0
BRH:0
end_of_record
TN:
SF:/Users/adnan/Desktop/plugin-material-ui/src/components/Switch/styles.ts
FN:4,(anonymous_0)
FNF:1
FNH:0
FNDA:0,(anonymous_0)
DA:4,1
DA:6,0
DA:7,0
DA:11,0
DA:12,0
DA:15,0
LF:6
LH:1
BRDA:6,0,0,0
BRDA:6,0,1,0
BRDA:6,1,0,0
BRDA:6,1,1,0
BRDA:6,1,2,0
BRDA:11,2,0,0
BRDA:11,2,1,0
BRDA:33,3,0,0
BRDA:33,3,1,0
BRDA:40,4,0,0
BRDA:40,4,1,0
BRDA:45,5,0,0
BRDA:45,5,1,0
BRF:13
BRH:0
end_of_record
TN:
SF:/Users/adnan/Desktop/plugin-material-ui/src/components/Tab/Tab.tsx
FN:7,icon
FNF:1
FNH:0
FNDA:0,icon
DA:1,1
DA:2,1
DA:3,1
DA:4,1
DA:6,1
DA:7,0
LF:6
LH:5
BRDA:7,0,0,0
BRDA:7,0,1,0
BRF:2
BRH:0
end_of_record
TN:
SF:/Users/adnan/Desktop/plugin-material-ui/src/components/Tab/index.ts
FNF:0
FNH:0
DA:1,1
LF:1
LH:1
BRF:0
BRH:0
end_of_record
TN:
SF:/Users/adnan/Desktop/plugin-material-ui/src/components/Tabs/Tabs.tsx
FNF:0
FNH:0
DA:1,1
DA:4,1
LF:2
LH:2
BRF:0
BRH:0
end_of_record
TN:
SF:/Users/adnan/Desktop/plugin-material-ui/src/components/Tabs/index.ts
FNF:0
FNH:0
DA:1,1
LF:1
LH:1
BRF:0
BRH:0
end_of_record
TN:
SF:/Users/adnan/Desktop/plugin-material-ui/src/components/TextInput/TextInput.tsx
FN:7,autoCorrect
FN:8,spellCheck
FN:11,disabled
FN:14,onChange
FN:14,(anonymous_4)
FN:24,type
FNF:6
FNH:0
FNDA:0,autoCorrect
FNDA:0,spellCheck
FNDA:0,disabled
FNDA:0,onChange
FNDA:0,(anonymous_4)
FNDA:0,type
DA:1,1
DA:2,1
DA:3,1
DA:5,1
DA:7,0
DA:8,0
DA:11,0
DA:14,0
DA:16,0
DA:17,0
DA:19,0
DA:20,0
DA:24,0
DA:26,0
DA:27,0
DA:30,0
DA:31,0
DA:34,0
DA:36,0
DA:39,0
DA:41,0
DA:44,0
DA:46,0
DA:49,0
LF:24
LH:4
BRDA:7,0,0,0
BRDA:7,0,1,0
BRDA:9,1,0,0
BRDA:9,1,1,0
BRDA:12,2,0,0
BRDA:12,2,1,0
BRDA:16,3,0,0
BRDA:16,3,1,0
BRDA:19,4,0,0
BRDA:19,4,1,0
BRDA:19,5,0,0
BRDA:19,5,1,0
BRDA:19,5,2,0
BRDA:26,6,0,0
BRDA:26,6,1,0
BRDA:30,7,0,0
BRDA:30,7,1,0
BRDA:35,8,0,0
BRDA:35,8,1,0
BRDA:35,8,2,0
BRDA:35,8,3,0
BRDA:35,8,4,0
BRDA:35,8,5,0
BRDA:35,8,6,0
BRDA:35,8,7,0
BRF:25
BRH:0
end_of_record
TN:
SF:/Users/adnan/Desktop/plugin-material-ui/src/components/TextInput/index.ts
FNF:0
FNH:0
DA:1,1
LF:1
LH:1
BRF:0
BRH:0
end_of_record
