TN:
SF:/Users/adnan/Desktop/plugin-material-ui/src/index.ts
FN:58,bluebaseBootEnd
FNF:1
FNH:1
FNDA:11,bluebaseBootEnd
DA:1,3
DA:2,3
DA:3,3
DA:4,3
DA:5,3
DA:6,3
DA:7,3
DA:8,3
DA:9,3
DA:10,3
DA:11,3
DA:12,3
DA:13,3
DA:14,3
DA:15,3
DA:16,3
DA:17,3
DA:18,3
DA:19,3
DA:20,3
DA:21,3
DA:22,3
DA:23,3
DA:25,3
DA:59,11
DA:60,11
LF:26
LH:26
BRF:0
BRH:0
end_of_record
TN:
SF:/Users/adnan/Desktop/plugin-material-ui/src/withPropsStyles.tsx
FN:7,(anonymous_0)
FN:9,withPropsStylesInternal
FN:11,(anonymous_2)
FN:13,proxy
FNF:4
FNH:4
FNDA:16,(anonymous_0)
FNDA:16,withPropsStylesInternal
FNDA:50,(anonymous_2)
FNDA:50,proxy
DA:1,7
DA:2,7
DA:4,7
DA:7,7
DA:9,16
DA:11,16
DA:13,100
DA:15,50
DA:17,50
DA:21,16
LF:10
LH:10
BRF:0
BRH:0
end_of_record
TN:
SF:/Users/adnan/Desktop/plugin-material-ui/src/withTheme.tsx
FN:5,(anonymous_0)
FN:7,(anonymous_1)
FN:16,(anonymous_4)
FNF:3
FNH:3
FNDA:11,(anonymous_0)
FNDA:33,(anonymous_1)
FNDA:11,(anonymous_4)
DA:1,3
DA:2,3
DA:3,3
DA:5,3
DA:7,66
DA:10,11
DA:12,11
DA:14,11
DA:16,11
DA:18,11
DA:34,11
LF:11
LH:11
BRDA:19,0,0,1
BRDA:19,0,1,10
BRF:2
BRH:2
end_of_record
TN:
SF:/Users/adnan/Desktop/plugin-material-ui/src/components/Avatar/Avatar.tsx
FN:7,(anonymous_0)
FNF:1
FNH:1
FNDA:4,(anonymous_0)
DA:2,3
DA:4,3
DA:5,3
DA:7,3
DA:9,4
DA:10,4
DA:11,1
DA:17,3
DA:18,2
DA:19,2
DA:20,2
DA:27,1
DA:35,3
LF:13
LH:13
BRDA:10,0,0,1
BRDA:10,0,1,3
BRDA:17,1,0,2
BRDA:17,1,1,1
BRDA:19,2,0,1
BRDA:19,2,1,1
BRDA:19,3,0,2
BRDA:19,3,1,2
BRF:8
BRH:8
end_of_record
TN:
SF:/Users/adnan/Desktop/plugin-material-ui/src/components/Avatar/index.ts
FNF:0
FNH:0
DA:1,3
LF:1
LH:1
BRF:0
BRH:0
end_of_record
TN:
SF:/Users/adnan/Desktop/plugin-material-ui/src/components/BottomNavigation/BottomNavigation.tsx
FNF:0
FNH:0
DA:1,3
DA:4,3
LF:2
LH:2
BRF:0
BRH:0
end_of_record
TN:
SF:/Users/adnan/Desktop/plugin-material-ui/src/components/BottomNavigation/index.ts
FNF:0
FNH:0
DA:1,3
LF:1
LH:1
BRF:0
BRH:0
end_of_record
TN:
SF:/Users/adnan/Desktop/plugin-material-ui/src/components/BottomNavigationAction/BottomNavigationAction.tsx
FN:7,icon
FNF:1
FNH:1
FNDA:2,icon
DA:1,4
DA:2,4
DA:3,4
DA:4,4
DA:6,4
DA:7,2
LF:6
LH:6
BRDA:7,0,0,1
BRDA:7,0,1,1
BRF:2
BRH:2
end_of_record
TN:
SF:/Users/adnan/Desktop/plugin-material-ui/src/components/BottomNavigationAction/index.ts
FNF:0
FNH:0
DA:1,3
LF:1
LH:1
BRF:0
BRH:0
end_of_record
TN:
SF:/Users/adnan/Desktop/plugin-material-ui/src/components/Button/Button.tsx
FN:6,children
FNF:1
FNH:1
FNDA:4,children
DA:1,4
DA:2,4
DA:3,4
DA:5,4
DA:6,4
DA:10,4
LF:6
LH:6
BRDA:6,0,0,1
BRDA:6,0,1,3
BRF:2
BRH:2
end_of_record
TN:
SF:/Users/adnan/Desktop/plugin-material-ui/src/components/Button/index.ts
FNF:0
FNH:0
DA:1,3
LF:1
LH:1
BRF:0
BRH:0
end_of_record
TN:
SF:/Users/adnan/Desktop/plugin-material-ui/src/components/Checkbox/Checkbox.tsx
FN:8,styles
FN:39,color
FN:47,onChange
FN:47,(anonymous_3)
FN:59,(anonymous_4)
FNF:5
FNH:5
FNDA:10,styles
FNDA:10,color
FNDA:10,onChange
FNDA:3,(anonymous_3)
FNDA:10,(anonymous_4)
DA:2,4
DA:3,4
DA:4,4
DA:5,4
DA:6,4
DA:8,10
DA:11,10
DA:12,3
DA:16,7
DA:17,6
DA:20,1
DA:37,4
DA:39,10
DA:40,10
DA:41,3
DA:44,7
DA:47,10
DA:48,3
DA:49,1
DA:52,3
DA:53,2
DA:59,4
DA:61,10
DA:63,10
DA:65,10
DA:66,1
DA:70,10
DA:77,10
DA:78,6
DA:81,4
LF:30
LH:30
BRDA:11,0,0,3
BRDA:11,0,1,7
BRDA:11,1,0,10
BRDA:11,1,1,9
BRDA:11,1,2,8
BRDA:16,2,0,6
BRDA:16,2,1,1
BRDA:40,3,0,3
BRDA:40,3,1,7
BRDA:40,4,0,10
BRDA:40,4,1,9
BRDA:40,4,2,8
BRDA:48,5,0,1
BRDA:48,5,1,2
BRDA:52,6,0,2
BRDA:52,6,1,1
BRDA:65,7,0,1
BRDA:65,7,1,9
BRDA:77,8,0,6
BRDA:77,8,1,4
BRF:20
BRH:20
end_of_record
TN:
SF:/Users/adnan/Desktop/plugin-material-ui/src/components/Checkbox/index.ts
FNF:0
FNH:0
DA:1,3
LF:1
LH:1
BRF:0
BRH:0
end_of_record
TN:
SF:/Users/adnan/Desktop/plugin-material-ui/src/components/Divider/Divider.tsx
FN:8,variant
FNF:1
FNH:1
FNDA:2,variant
DA:2,4
DA:3,4
DA:5,4
DA:8,2
LF:4
LH:4
BRDA:8,0,0,1
BRDA:8,0,1,1
BRF:2
BRH:2
end_of_record
TN:
SF:/Users/adnan/Desktop/plugin-material-ui/src/components/Divider/index.ts
FNF:0
FNH:0
DA:1,3
LF:1
LH:1
BRF:0
BRH:0
end_of_record
TN:
SF:/Users/adnan/Desktop/plugin-material-ui/src/components/DrawerItem/DrawerItem.tsx
FN:8,(anonymous_0)
FNF:1
FNH:1
FNDA:3,(anonymous_0)
DA:2,4
DA:3,4
DA:4,4
DA:5,4
DA:6,4
DA:8,4
DA:10,3
DA:11,3
DA:13,3
LF:9
LH:9
BRDA:15,0,0,2
BRDA:15,0,1,1
BRDA:16,1,0,2
BRDA:16,1,1,1
BRF:4
BRH:4
end_of_record
TN:
SF:/Users/adnan/Desktop/plugin-material-ui/src/components/DrawerItem/index.ts
FNF:0
FNH:0
DA:1,3
LF:1
LH:1
BRF:0
BRH:0
end_of_record
TN:
SF:/Users/adnan/Desktop/plugin-material-ui/src/components/DrawerLayout/DrawerContext.ts
FN:8,(anonymous_0)
FNF:1
FNH:1
FNDA:1,(anonymous_0)
DA:2,3
DA:4,3
DA:8,3
LF:3
LH:3
BRF:0
BRH:0
end_of_record
TN:
SF:/Users/adnan/Desktop/plugin-material-ui/src/components/DrawerLayout/DrawerLayout.tsx
FN:14,DrawerLayoutComponent
FN:19,closeDrawer
FN:21,openDrawer
FN:22,toggleDrawer
FN:44,onBackdropClick
FN:69,styles
FNF:6
FNH:6
FNDA:5,DrawerLayoutComponent
FNDA:1,closeDrawer
FNDA:1,openDrawer
FNDA:4,toggleDrawer
FNDA:2,onBackdropClick
FNDA:5,styles
DA:1,3
DA:2,3
DA:3,3
DA:4,3
DA:6,3
DA:14,13
DA:16,3
DA:18,5
DA:19,1
DA:21,1
DA:22,4
DA:25,11
DA:36,11
DA:39,11
DA:44,2
DA:51,11
DA:56,11
DA:69,8
DA:95,3
LF:19
LH:19
BRDA:20,0,0,1
BRDA:20,0,1,4
BRDA:41,1,0,11
BRDA:41,1,1,11
BRDA:48,2,0,8
BRDA:48,2,1,3
BRDA:52,3,0,8
BRDA:52,3,1,3
BRDA:52,4,0,3
BRDA:52,4,1,5
BRF:10
BRH:10
end_of_record
TN:
SF:/Users/adnan/Desktop/plugin-material-ui/src/components/DrawerLayout/index.ts
FNF:0
FNH:0
DA:1,3
DA:2,3
LF:2
LH:2
BRF:0
BRH:0
end_of_record
TN:
SF:/Users/adnan/Desktop/plugin-material-ui/src/components/DrawerSection/DrawerSection.tsx
FN:9,subheader
FNF:1
FNH:1
FNDA:2,subheader
DA:2,4
DA:3,4
DA:4,4
DA:5,4
DA:7,4
DA:9,2
LF:6
LH:6
BRDA:9,0,0,1
BRDA:9,0,1,1
BRF:2
BRH:2
end_of_record
TN:
SF:/Users/adnan/Desktop/plugin-material-ui/src/components/DrawerSection/index.ts
FNF:0
FNH:0
DA:1,3
LF:1
LH:1
BRF:0
BRH:0
end_of_record
TN:
SF:/Users/adnan/Desktop/plugin-material-ui/src/components/ListItem/ListItem.tsx
FN:6,(anonymous_0)
FNF:1
FNH:1
FNDA:4,(anonymous_0)
DA:2,4
DA:3,4
DA:4,4
DA:6,4
DA:8,4
DA:10,4
LF:6
LH:6
BRDA:13,0,0,3
BRDA:13,0,1,1
BRDA:13,1,0,4
BRDA:13,1,1,2
BRF:4
BRH:4
end_of_record
TN:
SF:/Users/adnan/Desktop/plugin-material-ui/src/components/ListItem/index.ts
FNF:0
FNH:0
DA:1,3
LF:1
LH:1
BRF:0
BRH:0
end_of_record
TN:
SF:/Users/adnan/Desktop/plugin-material-ui/src/components/ListSection/ListSection.tsx
FNF:0
FNH:0
DA:1,3
DA:5,3
DA:7,3
LF:3
LH:3
BRF:0
BRH:0
end_of_record
TN:
SF:/Users/adnan/Desktop/plugin-material-ui/src/components/ListSection/index.ts
FNF:0
FNH:0
DA:1,3
LF:1
LH:1
BRF:0
BRH:0
end_of_record
TN:
SF:/Users/adnan/Desktop/plugin-material-ui/src/components/ListSubheader/ListSubheader.tsx
FNF:0
FNH:0
DA:1,4
DA:3,4
LF:2
LH:2
BRF:0
BRH:0
end_of_record
TN:
SF:/Users/adnan/Desktop/plugin-material-ui/src/components/ListSubheader/index.ts
FNF:0
FNH:0
DA:1,3
LF:1
LH:1
BRF:0
BRH:0
end_of_record
TN:
SF:/Users/adnan/Desktop/plugin-material-ui/src/components/Picker/Picker.tsx
FN:13,displayEmpty
FN:14,native
FN:17,onChange
FN:17,(anonymous_3)
FN:29,(anonymous_4)
FNF:5
FNH:5
FNDA:9,displayEmpty
FNDA:9,native
FNDA:9,onChange
FNDA:2,(anonymous_3)
FNDA:9,(anonymous_4)
DA:1,4
DA:2,4
DA:3,4
DA:4,4
DA:5,4
DA:6,4
DA:7,4
DA:8,4
DA:9,4
DA:10,4
DA:12,4
DA:13,9
DA:14,9
DA:17,9
DA:18,2
DA:19,1
DA:22,2
DA:23,1
DA:29,4
DA:31,9
DA:53,9
DA:54,9
DA:56,9
DA:58,9
DA:59,1
DA:61,9
DA:62,1
DA:65,9
DA:73,9
DA:83,9
DA:95,4
LF:31
LH:31
BRDA:14,0,0,1
BRDA:14,0,1,8
BRDA:18,1,0,1
BRDA:18,1,1,1
BRDA:22,2,0,1
BRDA:22,2,1,1
BRDA:58,3,0,1
BRDA:58,3,1,8
BRDA:61,4,0,1
BRDA:61,4,1,8
BRDA:85,5,0,6
BRDA:85,5,1,3
BRDA:87,6,0,1
BRDA:87,6,1,8
BRDA:90,7,0,1
BRDA:90,7,1,8
BRF:16
BRH:16
end_of_record
TN:
SF:/Users/adnan/Desktop/plugin-material-ui/src/components/Picker/index.ts
FNF:0
FNH:0
DA:1,3
LF:1
LH:1
BRF:0
BRH:0
end_of_record
TN:
SF:/Users/adnan/Desktop/plugin-material-ui/src/components/PickerItem/PickerItem.tsx
FN:4,(anonymous_0)
FNF:1
FNH:1
FNDA:25,(anonymous_0)
DA:2,4
DA:4,25
LF:2
LH:2
BRF:0
BRH:0
end_of_record
TN:
SF:/Users/adnan/Desktop/plugin-material-ui/src/components/PickerItem/index.ts
FNF:0
FNH:0
DA:1,4
LF:1
LH:1
BRF:0
BRH:0
end_of_record
TN:
SF:/Users/adnan/Desktop/plugin-material-ui/src/components/Radio/Radio.tsx
FN:8,styles
FN:39,color
FN:47,onChange
FN:47,(anonymous_3)
FN:59,(anonymous_4)
FNF:5
FNH:5
FNDA:25,styles
FNDA:25,color
FNDA:25,onChange
FNDA:4,(anonymous_3)
FNDA:25,(anonymous_4)
DA:1,5
DA:2,5
DA:4,5
DA:5,5
DA:6,5
DA:8,25
DA:11,25
DA:12,3
DA:16,22
DA:17,21
DA:20,1
DA:37,5
DA:39,25
DA:40,25
DA:41,3
DA:44,22
DA:47,25
DA:48,4
DA:49,2
DA:52,4
DA:53,2
DA:59,5
DA:61,25
DA:63,25
DA:65,25
DA:66,1
DA:70,25
DA:76,25
DA:77,6
DA:80,19
LF:30
LH:30
BRDA:11,0,0,3
BRDA:11,0,1,22
BRDA:11,1,0,25
BRDA:11,1,1,24
BRDA:11,1,2,23
BRDA:16,2,0,21
BRDA:16,2,1,1
BRDA:40,3,0,3
BRDA:40,3,1,22
BRDA:40,4,0,25
BRDA:40,4,1,24
BRDA:40,4,2,23
BRDA:48,5,0,2
BRDA:48,5,1,2
BRDA:52,6,0,2
BRDA:52,6,1,2
BRDA:65,7,0,1
BRDA:65,7,1,24
BRDA:76,8,0,6
BRDA:76,8,1,19
BRF:20
BRH:20
end_of_record
TN:
SF:/Users/adnan/Desktop/plugin-material-ui/src/components/Radio/index.ts
FNF:0
FNH:0
DA:1,4
LF:1
LH:1
BRF:0
BRH:0
end_of_record
TN:
SF:/Users/adnan/Desktop/plugin-material-ui/src/components/RadioGroup/RadioGroup.tsx
FN:10,onChange
FN:10,(anonymous_1)
FN:19,render
FNF:3
FNH:3
FNDA:4,onChange
FNDA:2,(anonymous_1)
FNDA:4,render
DA:1,4
DA:2,4
DA:3,4
DA:4,4
DA:6,4
DA:7,4
DA:9,4
DA:10,4
DA:11,2
DA:12,1
DA:15,2
DA:16,1
DA:24,4
DA:26,4
LF:14
LH:14
BRDA:11,0,0,1
BRDA:11,0,1,1
BRDA:15,1,0,1
BRDA:15,1,1,1
BRDA:28,2,0,1
BRDA:28,2,1,3
BRDA:30,3,0,1
BRDA:30,3,1,3
BRF:8
BRH:8
end_of_record
TN:
SF:/Users/adnan/Desktop/plugin-material-ui/src/components/RadioGroup/index.ts
FNF:0
FNH:0
DA:1,3
LF:1
LH:1
BRF:0
BRH:0
end_of_record
TN:
SF:/Users/adnan/Desktop/plugin-material-ui/src/components/Slider/Slider.tsx
FN:10,styles
FN:24,onChange
FN:24,(anonymous_2)
FN:34,render
FNF:4
FNH:4
FNDA:1,styles
FNDA:6,onChange
FNDA:3,(anonymous_2)
FNDA:6,render
DA:1,4
DA:2,4
DA:3,4
DA:4,4
DA:5,4
DA:6,4
DA:8,4
DA:10,5
DA:19,4
DA:24,6
DA:25,3
DA:26,1
DA:29,3
DA:30,2
DA:45,6
DA:46,6
DA:48,6
DA:53,6
LF:18
LH:18
BRDA:25,0,0,1
BRDA:25,0,1,2
BRDA:29,1,0,2
BRDA:29,1,1,1
BRDA:55,2,0,1
BRDA:55,2,1,5
BRDA:57,3,0,1
BRDA:57,3,1,5
BRF:8
BRH:8
end_of_record
TN:
SF:/Users/adnan/Desktop/plugin-material-ui/src/components/Slider/index.ts
FNF:0
FNH:0
DA:1,3
LF:1
LH:1
BRF:0
BRH:0
end_of_record
TN:
SF:/Users/adnan/Desktop/plugin-material-ui/src/components/Switch/Switch.tsx
FN:13,color
FN:21,onChange
FN:21,(anonymous_2)
FN:33,(anonymous_3)
FNF:4
FNH:4
FNDA:10,color
FNDA:10,onChange
FNDA:3,(anonymous_2)
FNDA:10,(anonymous_3)
DA:1,4
DA:2,4
DA:3,4
DA:5,4
DA:6,4
DA:7,4
DA:11,4
DA:13,10
DA:14,10
DA:15,3
DA:18,7
DA:21,10
DA:22,3
DA:23,1
DA:26,3
DA:27,2
DA:33,4
DA:35,10
DA:37,10
DA:39,10
DA:40,1
DA:44,10
DA:50,10
DA:51,6
DA:54,4
LF:25
LH:25
BRDA:14,0,0,3
BRDA:14,0,1,7
BRDA:14,1,0,10
BRDA:14,1,1,9
BRDA:14,1,2,8
BRDA:22,2,0,1
BRDA:22,2,1,2
BRDA:26,3,0,2
BRDA:26,3,1,1
BRDA:39,4,0,1
BRDA:39,4,1,9
BRDA:50,5,0,6
BRDA:50,5,1,4
BRF:13
BRH:13
end_of_record
TN:
SF:/Users/adnan/Desktop/plugin-material-ui/src/components/Switch/index.ts
FNF:0
FNH:0
DA:1,3
LF:1
LH:1
BRF:0
BRH:0
end_of_record
TN:
SF:/Users/adnan/Desktop/plugin-material-ui/src/components/Switch/styles.ts
FN:4,(anonymous_0)
FNF:1
FNH:1
FNDA:11,(anonymous_0)
DA:4,11
DA:6,11
DA:7,3
DA:11,8
DA:12,6
DA:15,2
LF:6
LH:6
BRDA:6,0,0,3
BRDA:6,0,1,8
BRDA:6,1,0,11
BRDA:6,1,1,10
BRDA:6,1,2,9
BRDA:11,2,0,6
BRDA:11,2,1,2
BRDA:33,3,0,1
BRDA:33,3,1,1
BRDA:40,4,0,1
BRDA:40,4,1,1
BRDA:45,5,0,1
BRDA:45,5,1,1
BRF:13
BRH:13
end_of_record
TN:
SF:/Users/adnan/Desktop/plugin-material-ui/src/components/Tab/Tab.tsx
FN:7,icon
FNF:1
FNH:1
FNDA:2,icon
DA:1,4
DA:2,4
DA:3,4
DA:4,4
DA:6,4
DA:7,2
LF:6
LH:6
BRDA:7,0,0,1
BRDA:7,0,1,1
BRF:2
BRH:2
end_of_record
TN:
SF:/Users/adnan/Desktop/plugin-material-ui/src/components/Tab/index.ts
FNF:0
FNH:0
DA:1,3
LF:1
LH:1
BRF:0
BRH:0
end_of_record
TN:
SF:/Users/adnan/Desktop/plugin-material-ui/src/components/Tabs/Tabs.tsx
FNF:0
FNH:0
DA:1,3
DA:4,3
LF:2
LH:2
BRF:0
BRH:0
end_of_record
TN:
SF:/Users/adnan/Desktop/plugin-material-ui/src/components/Tabs/index.ts
FNF:0
FNH:0
DA:1,3
LF:1
LH:1
BRF:0
BRH:0
end_of_record
TN:
SF:/Users/adnan/Desktop/plugin-material-ui/src/components/TextInput/TextInput.tsx
FN:7,autoCorrect
FN:8,spellCheck
FN:11,disabled
FN:14,onChange
FN:14,(anonymous_4)
FN:24,type
FNF:6
FNH:6
FNDA:29,autoCorrect
FNDA:29,spellCheck
FNDA:29,disabled
FNDA:29,onChange
FNDA:5,(anonymous_4)
FNDA:29,type
DA:1,4
DA:2,4
DA:3,4
DA:5,4
DA:7,29
DA:8,29
DA:11,29
DA:14,29
DA:16,5
DA:17,3
DA:19,5
DA:20,1
DA:24,29
DA:26,29
DA:27,1
DA:30,28
DA:31,1
DA:34,27
DA:36,1
DA:39,2
DA:41,1
DA:44,2
DA:46,1
DA:49,20
LF:24
LH:24
BRDA:7,0,0,26
BRDA:7,0,1,3
BRDA:9,1,0,2
BRDA:9,1,1,27
BRDA:12,2,0,2
BRDA:12,2,1,27
BRDA:16,3,0,3
BRDA:16,3,1,2
BRDA:19,4,0,1
BRDA:19,4,1,4
BRDA:19,5,0,5
BRDA:19,5,1,3
BRDA:19,5,2,2
BRDA:26,6,0,1
BRDA:26,6,1,28
BRDA:30,7,0,1
BRDA:30,7,1,27
BRDA:35,8,0,1
BRDA:35,8,1,1
BRDA:35,8,2,2
BRDA:35,8,3,1
BRDA:35,8,4,1
BRDA:35,8,5,2
BRDA:35,8,6,1
BRDA:35,8,7,20
BRF:25
BRH:25
end_of_record
TN:
SF:/Users/adnan/Desktop/plugin-material-ui/src/components/TextInput/index.ts
FNF:0
FNH:0
DA:1,3
LF:1
LH:1
BRF:0
BRH:0
end_of_record
